2026-03-22 20:21:52 INFO  (LoggingInitialization) Using log config file: jar:file:/home/tighe/tools/ghidra_12.0.4_PUBLIC/Ghidra/Framework/Generic/lib/Generic.jar!/generic.log4j.xml  
2026-03-22 20:21:52 INFO  (LoggingInitialization) Using log file: /home/tighe/projects/rastan-genesis/.ghidra_config/ghidra/ghidra_12.0.4_PUBLIC/application.log  
2026-03-22 20:21:52 INFO  (Preferences) Loading user preferences: /home/tighe/projects/rastan-genesis/.ghidra_config/ghidra/ghidra_12.0.4_PUBLIC/preferences  
2026-03-22 20:21:52 INFO  (ClassSearcher) Searching for classes...  
2026-03-22 20:21:53 INFO  (ClassSearcher) Class search complete (1148 ms)  
2026-03-22 20:21:53 INFO  (DefaultSSLContextInitializer) Initializing SSL Context  
2026-03-22 20:21:54 INFO  (SecureRandomFactory) Initializing Random Number Generator...  
2026-03-22 20:21:54 INFO  (SecureRandomFactory) Random Number Generator initialization complete: NativePRNGNonBlocking  
2026-03-22 20:21:54 INFO  (DefaultTrustManagerFactory) Trust manager disabled, cacerts have not been set  
2026-03-22 20:21:54 INFO  (FileCacheMaintenanceDaemon) Starting cache cleanup: /home/tighe/projects/rastan-genesis/.ghidra_cache/ghidra/fscache2  
2026-03-22 20:21:54 INFO  (FileCacheMaintenanceDaemon) Finished cache cleanup, estimated storage used: 0  
2026-03-22 20:21:54 INFO  (AnalyzeHeadless) Headless startup complete (2711 ms)  
2026-03-22 20:21:54 INFO  (ClassSearcher) Class searcher loaded 58 extension points (18 false positives)  
2026-03-22 20:21:54 INFO  (HeadlessAnalyzer) HEADLESS Script Paths:
    /home/tighe/tools/ghidra_12.0.4_PUBLIC/Ghidra/Debug/Debugger-rmi-trace/ghidra_scripts
    /home/tighe/tools/ghidra_12.0.4_PUBLIC/Ghidra/Features/PDB/ghidra_scripts
    /home/tighe/tools/ghidra_12.0.4_PUBLIC/Ghidra/Processors/JVM/ghidra_scripts
    /home/tighe/tools/ghidra_12.0.4_PUBLIC/Ghidra/Features/FileFormats/ghidra_scripts
    /home/tighe/tools/ghidra_12.0.4_PUBLIC/Ghidra/Features/DecompilerDependent/ghidra_scripts
    /home/tighe/tools/ghidra_12.0.4_PUBLIC/Ghidra/Processors/DATA/ghidra_scripts
    /home/tighe/tools/ghidra_12.0.4_PUBLIC/Ghidra/Features/WildcardAssembler/ghidra_scripts
    /home/tighe/tools/ghidra_12.0.4_PUBLIC/Ghidra/Features/BSim/ghidra_scripts
    /home/tighe/tools/ghidra_12.0.4_PUBLIC/Ghidra/Features/Jython/ghidra_scripts
    /home/tighe/projects/rastan-genesis/tools/ghidra
    /home/tighe/tools/ghidra_12.0.4_PUBLIC/Ghidra/Features/VersionTracking/ghidra_scripts
    /home/tighe/tools/ghidra_12.0.4_PUBLIC/Ghidra/Features/PyGhidra/ghidra_scripts
    /home/tighe/tools/ghidra_12.0.4_PUBLIC/Ghidra/Features/MicrosoftCodeAnalyzer/ghidra_scripts
    /home/tighe/tools/ghidra_12.0.4_PUBLIC/Ghidra/Features/SystemEmulation/ghidra_scripts
    /home/tighe/tools/ghidra_12.0.4_PUBLIC/Ghidra/Processors/PIC/ghidra_scripts
    /home/tighe/tools/ghidra_12.0.4_PUBLIC/Ghidra/Debug/Debugger/ghidra_scripts
    /home/tighe/tools/ghidra_12.0.4_PUBLIC/Ghidra/Features/GnuDemangler/ghidra_scripts
    /home/tighe/tools/ghidra_12.0.4_PUBLIC/Ghidra/Features/BytePatterns/ghidra_scripts
    /home/tighe/tools/ghidra_12.0.4_PUBLIC/Ghidra/Processors/8051/ghidra_scripts
    /home/tighe/tools/ghidra_12.0.4_PUBLIC/Ghidra/Processors/Atmel/ghidra_scripts
    /home/tighe/tools/ghidra_12.0.4_PUBLIC/Ghidra/Features/Base/ghidra_scripts
    /home/tighe/tools/ghidra_12.0.4_PUBLIC/Ghidra/Features/Decompiler/ghidra_scripts
    /home/tighe/tools/ghidra_12.0.4_PUBLIC/Ghidra/Features/SwiftDemangler/ghidra_scripts
    /home/tighe/tools/ghidra_12.0.4_PUBLIC/Ghidra/Features/FunctionID/ghidra_scripts  
2026-03-22 20:21:54 INFO  (HeadlessAnalyzer) HEADLESS: execution starts  
2026-03-22 20:21:54 INFO  (HeadlessAnalyzer) Opening existing project: /home/tighe/projects/rastan-genesis/tools/ghidra/rastan_project/rastan_arcade  
2026-03-22 20:21:54 DEBUG (DefaultProjectManager) No tools found; Installing default tools  
2026-03-22 20:21:54 DEBUG (DefaultProjectManager) 	no recent project directories found  
2026-03-22 20:21:54 INFO  (HeadlessProject) Opening project: /home/tighe/projects/rastan-genesis/tools/ghidra/rastan_project/rastan_arcade  
2026-03-22 20:21:55 INFO  (HeadlessAnalyzer) REPORT: Processing project file: /maincpu.bin  
2026-03-22 20:21:56 INFO  (HeadlessAnalyzer) REPORT: Execute script: SetupArcadeMemoryMap.java   
2026-03-22 20:21:57 INFO  (HeadlessAnalyzer) SCRIPT: /home/tighe/projects/rastan-genesis/tools/ghidra/SetupArcadeMemoryMap.java  
2026-03-22 20:21:57 INFO  (GhidraScript) SetupArcadeMemoryMap.java> === Setting up Rastan arcade memory map segments ===  
2026-03-22 20:21:57 INFO  (GhidraScript) SetupArcadeMemoryMap.java>   ADDED tilemap_regs @ 0x0C0000 size=0x20000  
2026-03-22 20:21:57 INFO  (GhidraScript) SetupArcadeMemoryMap.java>   ADDED work_ram @ 0x100000 size=0x10000  
2026-03-22 20:21:57 INFO  (GhidraScript) SetupArcadeMemoryMap.java>   ADDED palette_ram @ 0x200000 size=0x10000  
2026-03-22 20:21:57 INFO  (GhidraScript) SetupArcadeMemoryMap.java>   ADDED cwindow @ 0xC00000 size=0x60000  
2026-03-22 20:21:57 INFO  (GhidraScript) SetupArcadeMemoryMap.java>   ADDED sprite_ram @ 0xD00000 size=0x800  
2026-03-22 20:21:57 INFO  (GhidraScript) SetupArcadeMemoryMap.java>   ADDED io_space @ 0x390000 size=0x10000  
2026-03-22 20:21:57 INFO  (GhidraScript) SetupArcadeMemoryMap.java> === Done: 6 segments added ===  
2026-03-22 20:21:57 INFO  (GhidraScript) SetupArcadeMemoryMap.java> Re-run auto-analysis (or re-import with -overwrite) after adding segments.  
2026-03-22 20:21:57 INFO  (GhidraScript) SetupArcadeMemoryMap.java> C-window range 0xC00000-0xC5FFFF is now named 'cwindow' — FindCWindowWrites.java will resolve refs correctly.  
2026-03-22 20:21:57 INFO  (HeadlessAnalyzer) ANALYZING all memory and code: /maincpu.bin  
2026-03-22 20:22:00 DEBUG (FidAnalyzer) No FID Libraries apply for language 68000:BE:32:default  
2026-03-22 20:22:00 INFO  (PackedDatabaseCache) Packed database cache: /home/tighe/projects/rastan-genesis/.ghidra_cache/ghidra/packed-db-cache  
2026-03-22 20:22:00 DEBUG (PackedDatabaseCache) Caching packed database: /home/tighe/tools/ghidra_12.0.4_PUBLIC/Ghidra/Features/Base/data/typeinfo/generic/generic_clib.gdt  
2026-03-22 20:22:00 DEBUG (PackedDatabase) Unpacking database /home/tighe/tools/ghidra_12.0.4_PUBLIC/Ghidra/Features/Base/data/typeinfo/generic/generic_clib.gdt -> /home/tighe/projects/rastan-genesis/.ghidra_cache/ghidra/packed-db-cache/pdb745EC8A3/db.1.gbf  
2026-03-22 20:22:00 DEBUG (PackedDatabaseCache) Cache update completed: /home/tighe/tools/ghidra_12.0.4_PUBLIC/Ghidra/Features/Base/data/typeinfo/generic/generic_clib.gdt  
2026-03-22 20:22:00 INFO  (ApplyDataArchiveAnalyzer) Applied data type archive: generic_clib  
2026-03-22 20:22:02 INFO  (AutoAnalysisManager) -----------------------------------------------------
    68000 Constant Reference Analyzer          0.517 secs
    ASCII Strings                              0.386 secs
    Apply Data Archives                        0.768 secs
    Call Convention ID                         0.003 secs
    Call-Fixup Installer                       0.005 secs
    Create Address Tables                      0.041 secs
    Create Address Tables - One Time           0.480 secs
    Create Function                            0.013 secs
    Data Reference                             0.442 secs
    Decompiler Switch Analysis                 0.013 secs
    Demangler GNU                              0.000 secs
    Disassemble Entry Points                   0.053 secs
    Embedded Media                             0.024 secs
    External Entry References                  0.000 secs
    Function ID                                0.039 secs
    Function Start Search                      0.022 secs
    Non-Returning Functions - Discovered       0.135 secs
    Reference                                  1.101 secs
    Shared Return Calls                        0.141 secs
    Stack                                      0.081 secs
    Subroutine References                      0.103 secs
-----------------------------------------------------
     Total Time   4 secs
-----------------------------------------------------
  
2026-03-22 20:22:02 INFO  (HeadlessAnalyzer) REPORT: Analysis succeeded for file: /maincpu.bin  
2026-03-22 20:22:02 INFO  (HeadlessAnalyzer) REPORT: Save succeeded for processed file: /maincpu.bin  
2026-03-22 20:22:11 INFO  (LoggingInitialization) Using log config file: jar:file:/home/tighe/tools/ghidra_12.0.4_PUBLIC/Ghidra/Framework/Generic/lib/Generic.jar!/generic.log4j.xml  
2026-03-22 20:22:11 INFO  (LoggingInitialization) Using log file: /home/tighe/projects/rastan-genesis/.ghidra_config/ghidra/ghidra_12.0.4_PUBLIC/application.log  
2026-03-22 20:22:11 INFO  (Preferences) Loading user preferences: /home/tighe/projects/rastan-genesis/.ghidra_config/ghidra/ghidra_12.0.4_PUBLIC/preferences  
2026-03-22 20:22:11 INFO  (ClassSearcher) Searching for classes...  
2026-03-22 20:22:12 INFO  (ClassSearcher) Class search complete (1183 ms)  
2026-03-22 20:22:12 INFO  (DefaultSSLContextInitializer) Initializing SSL Context  
2026-03-22 20:22:12 INFO  (SecureRandomFactory) Initializing Random Number Generator...  
2026-03-22 20:22:12 INFO  (SecureRandomFactory) Random Number Generator initialization complete: NativePRNGNonBlocking  
2026-03-22 20:22:12 INFO  (DefaultTrustManagerFactory) Trust manager disabled, cacerts have not been set  
2026-03-22 20:22:13 INFO  (AnalyzeHeadless) Headless startup complete (2346 ms)  
2026-03-22 20:22:13 INFO  (ClassSearcher) Class searcher loaded 58 extension points (18 false positives)  
2026-03-22 20:22:13 INFO  (HeadlessAnalyzer) HEADLESS Script Paths:
    /home/tighe/tools/ghidra_12.0.4_PUBLIC/Ghidra/Debug/Debugger-rmi-trace/ghidra_scripts
    /home/tighe/tools/ghidra_12.0.4_PUBLIC/Ghidra/Features/PDB/ghidra_scripts
    /home/tighe/tools/ghidra_12.0.4_PUBLIC/Ghidra/Processors/JVM/ghidra_scripts
    /home/tighe/tools/ghidra_12.0.4_PUBLIC/Ghidra/Features/FileFormats/ghidra_scripts
    /home/tighe/tools/ghidra_12.0.4_PUBLIC/Ghidra/Features/DecompilerDependent/ghidra_scripts
    /home/tighe/tools/ghidra_12.0.4_PUBLIC/Ghidra/Processors/DATA/ghidra_scripts
    /home/tighe/tools/ghidra_12.0.4_PUBLIC/Ghidra/Features/WildcardAssembler/ghidra_scripts
    /home/tighe/tools/ghidra_12.0.4_PUBLIC/Ghidra/Features/BSim/ghidra_scripts
    /home/tighe/tools/ghidra_12.0.4_PUBLIC/Ghidra/Features/Jython/ghidra_scripts
    /home/tighe/projects/rastan-genesis/tools/ghidra
    /home/tighe/tools/ghidra_12.0.4_PUBLIC/Ghidra/Features/VersionTracking/ghidra_scripts
    /home/tighe/tools/ghidra_12.0.4_PUBLIC/Ghidra/Features/PyGhidra/ghidra_scripts
    /home/tighe/tools/ghidra_12.0.4_PUBLIC/Ghidra/Features/MicrosoftCodeAnalyzer/ghidra_scripts
    /home/tighe/tools/ghidra_12.0.4_PUBLIC/Ghidra/Features/SystemEmulation/ghidra_scripts
    /home/tighe/tools/ghidra_12.0.4_PUBLIC/Ghidra/Processors/PIC/ghidra_scripts
    /home/tighe/tools/ghidra_12.0.4_PUBLIC/Ghidra/Debug/Debugger/ghidra_scripts
    /home/tighe/tools/ghidra_12.0.4_PUBLIC/Ghidra/Features/GnuDemangler/ghidra_scripts
    /home/tighe/tools/ghidra_12.0.4_PUBLIC/Ghidra/Features/BytePatterns/ghidra_scripts
    /home/tighe/tools/ghidra_12.0.4_PUBLIC/Ghidra/Processors/8051/ghidra_scripts
    /home/tighe/tools/ghidra_12.0.4_PUBLIC/Ghidra/Processors/Atmel/ghidra_scripts
    /home/tighe/tools/ghidra_12.0.4_PUBLIC/Ghidra/Features/Base/ghidra_scripts
    /home/tighe/tools/ghidra_12.0.4_PUBLIC/Ghidra/Features/Decompiler/ghidra_scripts
    /home/tighe/tools/ghidra_12.0.4_PUBLIC/Ghidra/Features/SwiftDemangler/ghidra_scripts
    /home/tighe/tools/ghidra_12.0.4_PUBLIC/Ghidra/Features/FunctionID/ghidra_scripts  
2026-03-22 20:22:13 INFO  (HeadlessAnalyzer) HEADLESS: execution starts  
2026-03-22 20:22:13 INFO  (HeadlessAnalyzer) Opening existing project: /home/tighe/projects/rastan-genesis/tools/ghidra/rastan_project/rastan_arcade  
2026-03-22 20:22:13 INFO  (HeadlessProject) Opening project: /home/tighe/projects/rastan-genesis/tools/ghidra/rastan_project/rastan_arcade  
2026-03-22 20:22:14 INFO  (HeadlessAnalyzer) REPORT: Processing project file: /maincpu.bin  
2026-03-22 20:22:14 INFO  (HeadlessAnalyzer) REPORT: Execute script: FindCWindowWrites.java   
2026-03-22 20:22:14 INFO  (HeadlessAnalyzer) SCRIPT: /home/tighe/projects/rastan-genesis/tools/ghidra/FindCWindowWrites.java  
2026-03-22 20:22:14 INFO  (GhidraScript) FindCWindowWrites.java> === C-WINDOW WRITE SCAN (0xC00000-0xCFFFFF) ===  
2026-03-22 20:22:14 INFO  (GhidraScript) FindCWindowWrites.java> Format: ARCADE_PC | MNEMONIC | BYTES_HEX | BYTE_COUNT | JSON_ENTRY  
2026-03-22 20:22:14 INFO  (GhidraScript) FindCWindowWrites.java>   
2026-03-22 20:22:14 INFO  (GhidraScript) FindCWindowWrites.java> 0x052986 | move.w (A0)+,D0w | 3018 | 2 bytes  
2026-03-22 20:22:14 INFO  (GhidraScript) FindCWindowWrites.java>   -> {"arcade_pc":"0x052986","original_bytes":"3018","replacement_bytes":"4e71","note":"NOP move.w (A0)+,D0w"}  
2026-03-22 20:22:14 INFO  (GhidraScript) FindCWindowWrites.java> 0x0529A0 | move.l A0,(A2)+ | 24c8 | 2 bytes  
2026-03-22 20:22:14 INFO  (GhidraScript) FindCWindowWrites.java>   -> {"arcade_pc":"0x0529A0","original_bytes":"24c8","replacement_bytes":"4e71","note":"NOP move.l A0,(A2)+"}  
2026-03-22 20:22:14 INFO  (GhidraScript) FindCWindowWrites.java> 0x055AB4 | move.w (0x10ee,A5),(0x00c20000).l | 33ed10ee00c20000 | 8 bytes  
2026-03-22 20:22:14 INFO  (GhidraScript) FindCWindowWrites.java>   -> {"arcade_pc":"0x055AB4","original_bytes":"33ed10ee00c20000","replacement_bytes":"4e714e714e714e71","note":"NOP move.w (0x10ee,A5),(0x00c20000).l"}  
2026-03-22 20:22:14 INFO  (GhidraScript) FindCWindowWrites.java> 0x055ABC | move.w (0x10ec,A5),(0x00c40000).l | 33ed10ec00c40000 | 8 bytes  
2026-03-22 20:22:14 INFO  (GhidraScript) FindCWindowWrites.java>   -> {"arcade_pc":"0x055ABC","original_bytes":"33ed10ec00c40000","replacement_bytes":"4e714e714e714e71","note":"NOP move.w (0x10ec,A5),(0x00c40000).l"}  
2026-03-22 20:22:14 INFO  (GhidraScript) FindCWindowWrites.java> 0x055AC4 | move.w (0x10b0,A5),(0x00c20002).l | 33ed10b000c20002 | 8 bytes  
2026-03-22 20:22:14 INFO  (GhidraScript) FindCWindowWrites.java>   -> {"arcade_pc":"0x055AC4","original_bytes":"33ed10b000c20002","replacement_bytes":"4e714e714e714e71","note":"NOP move.w (0x10b0,A5),(0x00c20002).l"}  
2026-03-22 20:22:14 INFO  (GhidraScript) FindCWindowWrites.java> 0x055ACC | move.w (0x10ae,A5),(0x00c40002).l | 33ed10ae00c40002 | 8 bytes  
2026-03-22 20:22:14 INFO  (GhidraScript) FindCWindowWrites.java>   -> {"arcade_pc":"0x055ACC","original_bytes":"33ed10ae00c40002","replacement_bytes":"4e714e714e714e71","note":"NOP move.w (0x10ae,A5),(0x00c40002).l"}  
2026-03-22 20:22:14 INFO  (GhidraScript) FindCWindowWrites.java>   
2026-03-22 20:22:14 INFO  (GhidraScript) FindCWindowWrites.java> === TOTAL: 6 write instructions found ===  
2026-03-22 20:22:14 INFO  (GhidraScript) FindCWindowWrites.java>   
2026-03-22 20:22:14 INFO  (GhidraScript) FindCWindowWrites.java> NOTE: Indirect writes (via register, e.g. movew d0,(a1)+) are NOT captured here.  
2026-03-22 20:22:14 INFO  (GhidraScript) FindCWindowWrites.java> Those require call-chain tracing from the caller (see FindCWindowIndirectWriters.java).  
2026-03-22 20:22:14 INFO  (HeadlessAnalyzer) REPORT: Save succeeded for processed file: /maincpu.bin  
2026-03-22 20:22:25 INFO  (LoggingInitialization) Using log config file: jar:file:/home/tighe/tools/ghidra_12.0.4_PUBLIC/Ghidra/Framework/Generic/lib/Generic.jar!/generic.log4j.xml  
2026-03-22 20:22:25 INFO  (LoggingInitialization) Using log file: /home/tighe/projects/rastan-genesis/.ghidra_config/ghidra/ghidra_12.0.4_PUBLIC/application.log  
2026-03-22 20:22:25 INFO  (Preferences) Loading user preferences: /home/tighe/projects/rastan-genesis/.ghidra_config/ghidra/ghidra_12.0.4_PUBLIC/preferences  
2026-03-22 20:22:25 INFO  (ClassSearcher) Searching for classes...  
2026-03-22 20:22:26 INFO  (ClassSearcher) Class search complete (1122 ms)  
2026-03-22 20:22:26 INFO  (DefaultSSLContextInitializer) Initializing SSL Context  
2026-03-22 20:22:26 INFO  (SecureRandomFactory) Initializing Random Number Generator...  
2026-03-22 20:22:26 INFO  (SecureRandomFactory) Random Number Generator initialization complete: NativePRNGNonBlocking  
2026-03-22 20:22:26 INFO  (DefaultTrustManagerFactory) Trust manager disabled, cacerts have not been set  
2026-03-22 20:22:27 INFO  (AnalyzeHeadless) Headless startup complete (2268 ms)  
2026-03-22 20:22:27 INFO  (ClassSearcher) Class searcher loaded 58 extension points (18 false positives)  
2026-03-22 20:22:27 INFO  (HeadlessAnalyzer) HEADLESS Script Paths:
    /home/tighe/tools/ghidra_12.0.4_PUBLIC/Ghidra/Debug/Debugger-rmi-trace/ghidra_scripts
    /home/tighe/tools/ghidra_12.0.4_PUBLIC/Ghidra/Features/PDB/ghidra_scripts
    /home/tighe/tools/ghidra_12.0.4_PUBLIC/Ghidra/Processors/JVM/ghidra_scripts
    /home/tighe/tools/ghidra_12.0.4_PUBLIC/Ghidra/Features/FileFormats/ghidra_scripts
    /home/tighe/tools/ghidra_12.0.4_PUBLIC/Ghidra/Features/DecompilerDependent/ghidra_scripts
    /home/tighe/tools/ghidra_12.0.4_PUBLIC/Ghidra/Processors/DATA/ghidra_scripts
    /home/tighe/tools/ghidra_12.0.4_PUBLIC/Ghidra/Features/WildcardAssembler/ghidra_scripts
    /home/tighe/tools/ghidra_12.0.4_PUBLIC/Ghidra/Features/BSim/ghidra_scripts
    /home/tighe/tools/ghidra_12.0.4_PUBLIC/Ghidra/Features/Jython/ghidra_scripts
    /home/tighe/projects/rastan-genesis/tools/ghidra
    /home/tighe/tools/ghidra_12.0.4_PUBLIC/Ghidra/Features/VersionTracking/ghidra_scripts
    /home/tighe/tools/ghidra_12.0.4_PUBLIC/Ghidra/Features/PyGhidra/ghidra_scripts
    /home/tighe/tools/ghidra_12.0.4_PUBLIC/Ghidra/Features/MicrosoftCodeAnalyzer/ghidra_scripts
    /home/tighe/tools/ghidra_12.0.4_PUBLIC/Ghidra/Features/SystemEmulation/ghidra_scripts
    /home/tighe/tools/ghidra_12.0.4_PUBLIC/Ghidra/Processors/PIC/ghidra_scripts
    /home/tighe/tools/ghidra_12.0.4_PUBLIC/Ghidra/Debug/Debugger/ghidra_scripts
    /home/tighe/tools/ghidra_12.0.4_PUBLIC/Ghidra/Features/GnuDemangler/ghidra_scripts
    /home/tighe/tools/ghidra_12.0.4_PUBLIC/Ghidra/Features/BytePatterns/ghidra_scripts
    /home/tighe/tools/ghidra_12.0.4_PUBLIC/Ghidra/Processors/8051/ghidra_scripts
    /home/tighe/tools/ghidra_12.0.4_PUBLIC/Ghidra/Processors/Atmel/ghidra_scripts
    /home/tighe/tools/ghidra_12.0.4_PUBLIC/Ghidra/Features/Base/ghidra_scripts
    /home/tighe/tools/ghidra_12.0.4_PUBLIC/Ghidra/Features/Decompiler/ghidra_scripts
    /home/tighe/tools/ghidra_12.0.4_PUBLIC/Ghidra/Features/SwiftDemangler/ghidra_scripts
    /home/tighe/tools/ghidra_12.0.4_PUBLIC/Ghidra/Features/FunctionID/ghidra_scripts  
2026-03-22 20:22:27 INFO  (HeadlessAnalyzer) HEADLESS: execution starts  
2026-03-22 20:22:27 INFO  (HeadlessAnalyzer) Opening existing project: /home/tighe/projects/rastan-genesis/tools/ghidra/rastan_project/rastan_arcade  
2026-03-22 20:22:27 INFO  (HeadlessProject) Opening project: /home/tighe/projects/rastan-genesis/tools/ghidra/rastan_project/rastan_arcade  
2026-03-22 20:22:28 INFO  (HeadlessAnalyzer) REPORT: Processing project file: /maincpu.bin  
2026-03-22 20:22:28 INFO  (HeadlessAnalyzer) REPORT: Execute script: FindPaletteCallers.java   
2026-03-22 20:22:28 INFO  (HeadlessAnalyzer) SCRIPT: /home/tighe/projects/rastan-genesis/tools/ghidra/FindPaletteCallers.java  
2026-03-22 20:22:28 INFO  (GhidraScript) FindPaletteCallers.java> === PALETTE ROUTINE CALL TREE ===  
2026-03-22 20:22:28 INFO  (GhidraScript) FindPaletteCallers.java> Target: 0x059AD4 (palette conversion routine)  
2026-03-22 20:22:28 INFO  (GhidraScript) FindPaletteCallers.java>   
2026-03-22 20:22:28 INFO  (GhidraScript) FindPaletteCallers.java> No direct callers found via reference manager.  
2026-03-22 20:22:28 INFO  (GhidraScript) FindPaletteCallers.java> Falling back to raw reference scan...  
2026-03-22 20:22:28 INFO  (GhidraScript) FindPaletteCallers.java>   Ref from 0x056138 type=DATA  
2026-03-22 20:22:28 INFO  (GhidraScript) FindPaletteCallers.java>   Ref from 0x05614C type=DATA  
2026-03-22 20:22:28 INFO  (GhidraScript) FindPaletteCallers.java>   Ref from 0x057818 type=DATA  
2026-03-22 20:22:28 INFO  (GhidraScript) FindPaletteCallers.java>   Ref from 0x05782C type=DATA  
2026-03-22 20:22:28 INFO  (GhidraScript) FindPaletteCallers.java>   Ref from 0x05A3BC type=DATA  
2026-03-22 20:22:28 INFO  (GhidraScript) FindPaletteCallers.java>   Ref from 0x05A420 type=DATA  
2026-03-22 20:22:28 INFO  (GhidraScript) FindPaletteCallers.java> LEVEL 1 CALLERS of 0x059AD4: 6 found  
2026-03-22 20:22:28 INFO  (GhidraScript) FindPaletteCallers.java>   
2026-03-22 20:22:28 INFO  (GhidraScript) FindPaletteCallers.java>   CALLER: 0x056138  [in function: <no function> @ 0x056138]  
2026-03-22 20:22:28 INFO  (GhidraScript) FindPaletteCallers.java>     (Call site is not in a recognized function — checking refs to call site)  
2026-03-22 20:22:28 INFO  (GhidraScript) FindPaletteCallers.java>   
2026-03-22 20:22:28 INFO  (GhidraScript) FindPaletteCallers.java>   CALLER: 0x05614C  [in function: <no function> @ 0x05614C]  
2026-03-22 20:22:28 INFO  (GhidraScript) FindPaletteCallers.java>     (Call site is not in a recognized function — checking refs to call site)  
2026-03-22 20:22:28 INFO  (GhidraScript) FindPaletteCallers.java>   
2026-03-22 20:22:28 INFO  (GhidraScript) FindPaletteCallers.java>   CALLER: 0x057818  [in function: <no function> @ 0x057818]  
2026-03-22 20:22:28 INFO  (GhidraScript) FindPaletteCallers.java>     (Call site is not in a recognized function — checking refs to call site)  
2026-03-22 20:22:28 INFO  (GhidraScript) FindPaletteCallers.java>   
2026-03-22 20:22:28 INFO  (GhidraScript) FindPaletteCallers.java>   CALLER: 0x05782C  [in function: <no function> @ 0x05782C]  
2026-03-22 20:22:28 INFO  (GhidraScript) FindPaletteCallers.java>     (Call site is not in a recognized function — checking refs to call site)  
2026-03-22 20:22:28 INFO  (GhidraScript) FindPaletteCallers.java>   
2026-03-22 20:22:28 INFO  (GhidraScript) FindPaletteCallers.java>   CALLER: 0x05A3BC  [in function: <no function> @ 0x05A3BC]  
2026-03-22 20:22:28 INFO  (GhidraScript) FindPaletteCallers.java>     (Call site is not in a recognized function — checking refs to call site)  
2026-03-22 20:22:28 INFO  (GhidraScript) FindPaletteCallers.java>   
2026-03-22 20:22:28 INFO  (GhidraScript) FindPaletteCallers.java>   CALLER: 0x05A420  [in function: <no function> @ 0x05A420]  
2026-03-22 20:22:28 INFO  (GhidraScript) FindPaletteCallers.java>     (Call site is not in a recognized function — checking refs to call site)  
2026-03-22 20:22:28 INFO  (GhidraScript) FindPaletteCallers.java>   
2026-03-22 20:22:28 INFO  (GhidraScript) FindPaletteCallers.java> === END PALETTE CALL TREE ===  
2026-03-22 20:22:29 INFO  (HeadlessAnalyzer) REPORT: Save succeeded for processed file: /maincpu.bin  
2026-03-22 20:22:49 INFO  (LoggingInitialization) Using log config file: jar:file:/home/tighe/tools/ghidra_12.0.4_PUBLIC/Ghidra/Framework/Generic/lib/Generic.jar!/generic.log4j.xml  
2026-03-22 20:22:49 INFO  (LoggingInitialization) Using log file: /home/tighe/projects/rastan-genesis/.ghidra_config/ghidra/ghidra_12.0.4_PUBLIC/application.log  
2026-03-22 20:22:49 INFO  (Preferences) Loading user preferences: /home/tighe/projects/rastan-genesis/.ghidra_config/ghidra/ghidra_12.0.4_PUBLIC/preferences  
2026-03-22 20:22:49 INFO  (ClassSearcher) Searching for classes...  
2026-03-22 20:22:50 INFO  (ClassSearcher) Class search complete (1139 ms)  
2026-03-22 20:22:51 INFO  (DefaultSSLContextInitializer) Initializing SSL Context  
2026-03-22 20:22:51 INFO  (SecureRandomFactory) Initializing Random Number Generator...  
2026-03-22 20:22:51 INFO  (SecureRandomFactory) Random Number Generator initialization complete: NativePRNGNonBlocking  
2026-03-22 20:22:51 INFO  (DefaultTrustManagerFactory) Trust manager disabled, cacerts have not been set  
2026-03-22 20:22:52 INFO  (AnalyzeHeadless) Headless startup complete (2914 ms)  
2026-03-22 20:22:52 INFO  (ClassSearcher) Class searcher loaded 89 extension points (43 false positives)  
2026-03-22 20:22:52 INFO  (HeadlessAnalyzer) HEADLESS Script Paths:
    /home/tighe/tools/ghidra_12.0.4_PUBLIC/Ghidra/Features/SystemEmulation/ghidra_scripts
    /home/tighe/tools/ghidra_12.0.4_PUBLIC/Ghidra/Debug/Debugger-rmi-trace/ghidra_scripts
    /home/tighe/tools/ghidra_12.0.4_PUBLIC/Ghidra/Features/PDB/ghidra_scripts
    /home/tighe/tools/ghidra_12.0.4_PUBLIC/Ghidra/Processors/JVM/ghidra_scripts
    /home/tighe/tools/ghidra_12.0.4_PUBLIC/Ghidra/Processors/PIC/ghidra_scripts
    /home/tighe/tools/ghidra_12.0.4_PUBLIC/Ghidra/Features/FileFormats/ghidra_scripts
    /home/tighe/tools/ghidra_12.0.4_PUBLIC/Ghidra/Debug/Debugger/ghidra_scripts
    /home/tighe/tools/ghidra_12.0.4_PUBLIC/Ghidra/Features/GnuDemangler/ghidra_scripts
    /home/tighe/tools/ghidra_12.0.4_PUBLIC/Ghidra/Features/DecompilerDependent/ghidra_scripts
    /home/tighe/tools/ghidra_12.0.4_PUBLIC/Ghidra/Processors/DATA/ghidra_scripts
    /home/tighe/tools/ghidra_12.0.4_PUBLIC/Ghidra/Features/WildcardAssembler/ghidra_scripts
    /home/tighe/tools/ghidra_12.0.4_PUBLIC/Ghidra/Features/BSim/ghidra_scripts
    /home/tighe/tools/ghidra_12.0.4_PUBLIC/Ghidra/Features/BytePatterns/ghidra_scripts
    /home/tighe/tools/ghidra_12.0.4_PUBLIC/Ghidra/Features/Jython/ghidra_scripts
    /home/tighe/tools/ghidra_12.0.4_PUBLIC/Ghidra/Processors/8051/ghidra_scripts
    /home/tighe/tools/ghidra_12.0.4_PUBLIC/Ghidra/Processors/Atmel/ghidra_scripts
    /home/tighe/tools/ghidra_12.0.4_PUBLIC/Ghidra/Features/Base/ghidra_scripts
    /home/tighe/tools/ghidra_12.0.4_PUBLIC/Ghidra/Features/VersionTracking/ghidra_scripts
    /home/tighe/tools/ghidra_12.0.4_PUBLIC/Ghidra/Features/Decompiler/ghidra_scripts
    /home/tighe/tools/ghidra_12.0.4_PUBLIC/Ghidra/Features/SwiftDemangler/ghidra_scripts
    /home/tighe/tools/ghidra_12.0.4_PUBLIC/Ghidra/Features/PyGhidra/ghidra_scripts
    /home/tighe/tools/ghidra_12.0.4_PUBLIC/Ghidra/Features/FunctionID/ghidra_scripts
    /home/tighe/tools/ghidra_12.0.4_PUBLIC/Ghidra/Features/MicrosoftCodeAnalyzer/ghidra_scripts  
2026-03-22 20:22:52 INFO  (HeadlessAnalyzer) HEADLESS: execution starts  
2026-03-22 20:22:52 INFO  (HeadlessAnalyzer) Creating project: /home/tighe/projects/rastan-genesis/tools/ghidra/rastan_project/rastan_genesis  
2026-03-22 20:22:52 INFO  (DefaultProject) Creating project: /home/tighe/projects/rastan-genesis/tools/ghidra/rastan_project/rastan_genesis  
2026-03-22 20:22:52 INFO  (HeadlessAnalyzer) REPORT: Processing input files:   
2026-03-22 20:22:52 INFO  (HeadlessAnalyzer)      project: /home/tighe/projects/rastan-genesis/tools/ghidra/rastan_project/rastan_genesis  
2026-03-22 20:22:52 INFO  (HeadlessAnalyzer) IMPORTING: file:///home/tighe/projects/rastan-genesis/dist/Rastan_116.bin  
2026-03-22 20:22:52 INFO  (ProgramLoader) Successfully applied "-loader-baseaddr" to "Base Address" (old: "null", new: "0x0")  
2026-03-22 20:22:52 INFO  (ProgramLoader) Using Loader: Raw Binary  
2026-03-22 20:22:52 INFO  (ProgramLoader) Using Language/Compiler: 68000:BE:32:default:default  
2026-03-22 20:22:52 INFO  (ProgramLoader) Using Library Search Path: [., /bin, /lib, /lib64, /lib/x86_64-linux-gnu, /lib/aarch64-linux-gnu, /usr/bin, /usr/lib, /usr/X11R6/bin, /usr/X11R6/lib, /usr/java/packages/lib, /usr/lib64]  
2026-03-22 20:22:52 INFO  (HeadlessAnalyzer) IMPORTING: Loaded 0 additional files  
2026-03-22 20:22:53 INFO  (HeadlessAnalyzer) ANALYZING all memory and code: file:///home/tighe/projects/rastan-genesis/dist/Rastan_116.bin  
2026-03-22 20:22:58 DEBUG (FidAnalyzer) No FID Libraries apply for language 68000:BE:32:default  
2026-03-22 20:22:58 INFO  (PackedDatabaseCache) Packed database cache: /home/tighe/projects/rastan-genesis/.ghidra_cache/ghidra/packed-db-cache  
2026-03-22 20:22:58 DEBUG (PackedDatabaseCache) Using cached packed database: /home/tighe/tools/ghidra_12.0.4_PUBLIC/Ghidra/Features/Base/data/typeinfo/generic/generic_clib.gdt  
2026-03-22 20:22:58 INFO  (ApplyDataArchiveAnalyzer) Applied data type archive: generic_clib  
2026-03-22 20:23:10 INFO  (AutoAnalysisManager) -----------------------------------------------------
    68000 Constant Reference Analyzer          1.465 secs
    ASCII Strings                              0.928 secs
    Apply Data Archives                        0.667 secs
    Call-Fixup Installer                       0.008 secs
    Create Address Tables                      0.044 secs
    Create Address Tables - One Time           3.548 secs
    Create Function                            0.270 secs
    Data Reference                             1.603 secs
    Decompiler Switch Analysis                 4.300 secs
    Demangler GNU                              0.001 secs
    Disassemble                                0.583 secs
    Disassemble Entry Points                   0.001 secs
    Embedded Media                             0.062 secs
    External Entry References                  0.000 secs
    Function ID                                0.022 secs
    Function Start Search                      0.074 secs
    Non-Returning Functions - Discovered       0.101 secs
    Reference                                  1.835 secs
    Shared Return Calls                        0.125 secs
    Stack                                      0.988 secs
    Subroutine References                      0.238 secs
    Subroutine References - One Time           0.001 secs
-----------------------------------------------------
     Total Time   16 secs
-----------------------------------------------------
  
2026-03-22 20:23:10 INFO  (HeadlessAnalyzer) REPORT: Analysis succeeded for file: file:///home/tighe/projects/rastan-genesis/dist/Rastan_116.bin  
2026-03-22 20:23:10 INFO  (LocalFileSystem) /Rastan_116.bin: file created (tighe)  
2026-03-22 20:23:10 INFO  (HeadlessAnalyzer) REPORT: Save succeeded for: /Rastan_116.bin (rastan_genesis:/Rastan_116.bin)  
2026-03-22 20:23:10 INFO  (HeadlessAnalyzer) REPORT: Import succeeded  
2026-03-23 00:16:38 INFO  (LoggingInitialization) Using log config file: jar:file:/home/tighe/tools/ghidra_12.0.4_PUBLIC/Ghidra/Framework/Generic/lib/Generic.jar!/generic.log4j.xml  
2026-03-23 00:16:38 INFO  (LoggingInitialization) Using log file: /home/tighe/projects/rastan-genesis/.ghidra_config/ghidra/ghidra_12.0.4_PUBLIC/application.log  
2026-03-23 00:16:38 INFO  (Preferences) Loading user preferences: /home/tighe/projects/rastan-genesis/.ghidra_config/ghidra/ghidra_12.0.4_PUBLIC/preferences  
2026-03-23 00:16:38 INFO  (ClassSearcher) Searching for classes...  
2026-03-23 00:16:39 INFO  (ClassSearcher) Class search complete (914 ms)  
2026-03-23 00:16:39 INFO  (DefaultSSLContextInitializer) Initializing SSL Context  
2026-03-23 00:16:39 INFO  (SecureRandomFactory) Initializing Random Number Generator...  
2026-03-23 00:16:39 INFO  (SecureRandomFactory) Random Number Generator initialization complete: NativePRNGNonBlocking  
2026-03-23 00:16:39 INFO  (DefaultTrustManagerFactory) Trust manager disabled, cacerts have not been set  
2026-03-23 00:16:40 INFO  (AnalyzeHeadless) Headless startup complete (2414 ms)  
2026-03-23 00:16:40 INFO  (ClassSearcher) Class searcher loaded 58 extension points (18 false positives)  
2026-03-23 00:16:40 INFO  (HeadlessAnalyzer) HEADLESS Script Paths:
    /home/tighe/tools/ghidra_12.0.4_PUBLIC/Ghidra/Debug/Debugger-rmi-trace/ghidra_scripts
    /home/tighe/tools/ghidra_12.0.4_PUBLIC/Ghidra/Features/PDB/ghidra_scripts
    /home/tighe/tools/ghidra_12.0.4_PUBLIC/Ghidra/Processors/JVM/ghidra_scripts
    /home/tighe/tools/ghidra_12.0.4_PUBLIC/Ghidra/Features/FileFormats/ghidra_scripts
    /home/tighe/tools/ghidra_12.0.4_PUBLIC/Ghidra/Features/DecompilerDependent/ghidra_scripts
    /home/tighe/tools/ghidra_12.0.4_PUBLIC/Ghidra/Processors/DATA/ghidra_scripts
    /home/tighe/tools/ghidra_12.0.4_PUBLIC/Ghidra/Features/WildcardAssembler/ghidra_scripts
    /home/tighe/tools/ghidra_12.0.4_PUBLIC/Ghidra/Features/BSim/ghidra_scripts
    /home/tighe/tools/ghidra_12.0.4_PUBLIC/Ghidra/Features/Jython/ghidra_scripts
    /home/tighe/projects/rastan-genesis/tools/ghidra
    /home/tighe/tools/ghidra_12.0.4_PUBLIC/Ghidra/Features/VersionTracking/ghidra_scripts
    /home/tighe/tools/ghidra_12.0.4_PUBLIC/Ghidra/Features/PyGhidra/ghidra_scripts
    /home/tighe/tools/ghidra_12.0.4_PUBLIC/Ghidra/Features/MicrosoftCodeAnalyzer/ghidra_scripts
    /home/tighe/tools/ghidra_12.0.4_PUBLIC/Ghidra/Features/SystemEmulation/ghidra_scripts
    /home/tighe/tools/ghidra_12.0.4_PUBLIC/Ghidra/Processors/PIC/ghidra_scripts
    /home/tighe/tools/ghidra_12.0.4_PUBLIC/Ghidra/Debug/Debugger/ghidra_scripts
    /home/tighe/tools/ghidra_12.0.4_PUBLIC/Ghidra/Features/GnuDemangler/ghidra_scripts
    /home/tighe/tools/ghidra_12.0.4_PUBLIC/Ghidra/Features/BytePatterns/ghidra_scripts
    /home/tighe/tools/ghidra_12.0.4_PUBLIC/Ghidra/Processors/8051/ghidra_scripts
    /home/tighe/tools/ghidra_12.0.4_PUBLIC/Ghidra/Processors/Atmel/ghidra_scripts
    /home/tighe/tools/ghidra_12.0.4_PUBLIC/Ghidra/Features/Base/ghidra_scripts
    /home/tighe/tools/ghidra_12.0.4_PUBLIC/Ghidra/Features/Decompiler/ghidra_scripts
    /home/tighe/tools/ghidra_12.0.4_PUBLIC/Ghidra/Features/SwiftDemangler/ghidra_scripts
    /home/tighe/tools/ghidra_12.0.4_PUBLIC/Ghidra/Features/FunctionID/ghidra_scripts  
2026-03-23 00:16:40 INFO  (HeadlessAnalyzer) HEADLESS: execution starts  
2026-03-23 00:16:40 INFO  (HeadlessAnalyzer) Opening existing project: /home/tighe/projects/rastan-genesis/tools/ghidra/rastan_project/rastan_arcade  
2026-03-23 00:16:40 INFO  (HeadlessProject) Opening project: /home/tighe/projects/rastan-genesis/tools/ghidra/rastan_project/rastan_arcade  
2026-03-23 00:16:41 INFO  (HeadlessAnalyzer) REPORT: Processing project file: /maincpu.bin  
2026-03-23 00:16:42 INFO  (HeadlessAnalyzer) REPORT: Execute script: FindCWindowWrites.java   
2026-03-23 00:16:43 INFO  (HeadlessAnalyzer) SCRIPT: /home/tighe/projects/rastan-genesis/tools/ghidra/FindCWindowWrites.java  
2026-03-23 00:16:43 INFO  (GhidraScript) FindCWindowWrites.java> === C-WINDOW WRITE SCAN (0xC00000-0xCFFFFF) ===  
2026-03-23 00:16:43 INFO  (GhidraScript) FindCWindowWrites.java> Format: ARCADE_PC | MNEMONIC | BYTES_HEX | BYTE_COUNT | JSON_ENTRY  
2026-03-23 00:16:43 INFO  (GhidraScript) FindCWindowWrites.java>   
2026-03-23 00:16:43 INFO  (GhidraScript) FindCWindowWrites.java> 0x052986 | move.w (A0)+,D0w | 3018 | 2 bytes  
2026-03-23 00:16:43 INFO  (GhidraScript) FindCWindowWrites.java>   -> {"arcade_pc":"0x052986","original_bytes":"3018","replacement_bytes":"4e71","note":"NOP move.w (A0)+,D0w"}  
2026-03-23 00:16:43 INFO  (GhidraScript) FindCWindowWrites.java> 0x0529A0 | move.l A0,(A2)+ | 24c8 | 2 bytes  
2026-03-23 00:16:43 INFO  (GhidraScript) FindCWindowWrites.java>   -> {"arcade_pc":"0x0529A0","original_bytes":"24c8","replacement_bytes":"4e71","note":"NOP move.l A0,(A2)+"}  
2026-03-23 00:16:43 INFO  (GhidraScript) FindCWindowWrites.java> 0x055AB4 | move.w (0x10ee,A5),(0x00c20000).l | 33ed10ee00c20000 | 8 bytes  
2026-03-23 00:16:43 INFO  (GhidraScript) FindCWindowWrites.java>   -> {"arcade_pc":"0x055AB4","original_bytes":"33ed10ee00c20000","replacement_bytes":"4e714e714e714e71","note":"NOP move.w (0x10ee,A5),(0x00c20000).l"}  
2026-03-23 00:16:43 INFO  (GhidraScript) FindCWindowWrites.java> 0x055ABC | move.w (0x10ec,A5),(0x00c40000).l | 33ed10ec00c40000 | 8 bytes  
2026-03-23 00:16:43 INFO  (GhidraScript) FindCWindowWrites.java>   -> {"arcade_pc":"0x055ABC","original_bytes":"33ed10ec00c40000","replacement_bytes":"4e714e714e714e71","note":"NOP move.w (0x10ec,A5),(0x00c40000).l"}  
2026-03-23 00:16:43 INFO  (GhidraScript) FindCWindowWrites.java> 0x055AC4 | move.w (0x10b0,A5),(0x00c20002).l | 33ed10b000c20002 | 8 bytes  
2026-03-23 00:16:43 INFO  (GhidraScript) FindCWindowWrites.java>   -> {"arcade_pc":"0x055AC4","original_bytes":"33ed10b000c20002","replacement_bytes":"4e714e714e714e71","note":"NOP move.w (0x10b0,A5),(0x00c20002).l"}  
2026-03-23 00:16:43 INFO  (GhidraScript) FindCWindowWrites.java> 0x055ACC | move.w (0x10ae,A5),(0x00c40002).l | 33ed10ae00c40002 | 8 bytes  
2026-03-23 00:16:43 INFO  (GhidraScript) FindCWindowWrites.java>   -> {"arcade_pc":"0x055ACC","original_bytes":"33ed10ae00c40002","replacement_bytes":"4e714e714e714e71","note":"NOP move.w (0x10ae,A5),(0x00c40002).l"}  
2026-03-23 00:16:43 INFO  (GhidraScript) FindCWindowWrites.java>   
2026-03-23 00:16:43 INFO  (GhidraScript) FindCWindowWrites.java> === TOTAL: 6 write instructions found ===  
2026-03-23 00:16:43 INFO  (GhidraScript) FindCWindowWrites.java>   
2026-03-23 00:16:43 INFO  (GhidraScript) FindCWindowWrites.java> NOTE: Indirect writes (via register, e.g. movew d0,(a1)+) are NOT captured here.  
2026-03-23 00:16:43 INFO  (GhidraScript) FindCWindowWrites.java> Those require call-chain tracing from the caller (see FindCWindowIndirectWriters.java).  
2026-03-23 00:16:43 INFO  (HeadlessAnalyzer) REPORT: Save succeeded for processed file: /maincpu.bin  
2026-03-23 00:16:49 INFO  (LoggingInitialization) Using log config file: jar:file:/home/tighe/tools/ghidra_12.0.4_PUBLIC/Ghidra/Framework/Generic/lib/Generic.jar!/generic.log4j.xml  
2026-03-23 00:16:49 INFO  (LoggingInitialization) Using log file: /home/tighe/projects/rastan-genesis/.ghidra_config/ghidra/ghidra_12.0.4_PUBLIC/application.log  
2026-03-23 00:16:49 INFO  (Preferences) Loading user preferences: /home/tighe/projects/rastan-genesis/.ghidra_config/ghidra/ghidra_12.0.4_PUBLIC/preferences  
2026-03-23 00:16:49 INFO  (ClassSearcher) Searching for classes...  
2026-03-23 00:16:50 INFO  (ClassSearcher) Class search complete (1138 ms)  
2026-03-23 00:16:50 INFO  (DefaultSSLContextInitializer) Initializing SSL Context  
2026-03-23 00:16:50 INFO  (SecureRandomFactory) Initializing Random Number Generator...  
2026-03-23 00:16:50 INFO  (SecureRandomFactory) Random Number Generator initialization complete: NativePRNGNonBlocking  
2026-03-23 00:16:50 INFO  (DefaultTrustManagerFactory) Trust manager disabled, cacerts have not been set  
2026-03-23 00:16:50 INFO  (AnalyzeHeadless) Headless startup complete (2250 ms)  
2026-03-23 00:16:50 INFO  (ClassSearcher) Class searcher loaded 58 extension points (18 false positives)  
2026-03-23 00:16:51 INFO  (HeadlessAnalyzer) HEADLESS Script Paths:
    /home/tighe/tools/ghidra_12.0.4_PUBLIC/Ghidra/Debug/Debugger-rmi-trace/ghidra_scripts
    /home/tighe/tools/ghidra_12.0.4_PUBLIC/Ghidra/Features/PDB/ghidra_scripts
    /home/tighe/tools/ghidra_12.0.4_PUBLIC/Ghidra/Processors/JVM/ghidra_scripts
    /home/tighe/tools/ghidra_12.0.4_PUBLIC/Ghidra/Features/FileFormats/ghidra_scripts
    /home/tighe/tools/ghidra_12.0.4_PUBLIC/Ghidra/Features/DecompilerDependent/ghidra_scripts
    /home/tighe/tools/ghidra_12.0.4_PUBLIC/Ghidra/Processors/DATA/ghidra_scripts
    /home/tighe/tools/ghidra_12.0.4_PUBLIC/Ghidra/Features/WildcardAssembler/ghidra_scripts
    /home/tighe/tools/ghidra_12.0.4_PUBLIC/Ghidra/Features/BSim/ghidra_scripts
    /home/tighe/tools/ghidra_12.0.4_PUBLIC/Ghidra/Features/Jython/ghidra_scripts
    /home/tighe/projects/rastan-genesis/tools/ghidra
    /home/tighe/tools/ghidra_12.0.4_PUBLIC/Ghidra/Features/VersionTracking/ghidra_scripts
    /home/tighe/tools/ghidra_12.0.4_PUBLIC/Ghidra/Features/PyGhidra/ghidra_scripts
    /home/tighe/tools/ghidra_12.0.4_PUBLIC/Ghidra/Features/MicrosoftCodeAnalyzer/ghidra_scripts
    /home/tighe/tools/ghidra_12.0.4_PUBLIC/Ghidra/Features/SystemEmulation/ghidra_scripts
    /home/tighe/tools/ghidra_12.0.4_PUBLIC/Ghidra/Processors/PIC/ghidra_scripts
    /home/tighe/tools/ghidra_12.0.4_PUBLIC/Ghidra/Debug/Debugger/ghidra_scripts
    /home/tighe/tools/ghidra_12.0.4_PUBLIC/Ghidra/Features/GnuDemangler/ghidra_scripts
    /home/tighe/tools/ghidra_12.0.4_PUBLIC/Ghidra/Features/BytePatterns/ghidra_scripts
    /home/tighe/tools/ghidra_12.0.4_PUBLIC/Ghidra/Processors/8051/ghidra_scripts
    /home/tighe/tools/ghidra_12.0.4_PUBLIC/Ghidra/Processors/Atmel/ghidra_scripts
    /home/tighe/tools/ghidra_12.0.4_PUBLIC/Ghidra/Features/Base/ghidra_scripts
    /home/tighe/tools/ghidra_12.0.4_PUBLIC/Ghidra/Features/Decompiler/ghidra_scripts
    /home/tighe/tools/ghidra_12.0.4_PUBLIC/Ghidra/Features/SwiftDemangler/ghidra_scripts
    /home/tighe/tools/ghidra_12.0.4_PUBLIC/Ghidra/Features/FunctionID/ghidra_scripts  
2026-03-23 00:16:51 INFO  (HeadlessAnalyzer) HEADLESS: execution starts  
2026-03-23 00:16:51 INFO  (HeadlessAnalyzer) Opening existing project: /home/tighe/projects/rastan-genesis/tools/ghidra/rastan_project/rastan_arcade  
2026-03-23 00:16:51 INFO  (HeadlessProject) Opening project: /home/tighe/projects/rastan-genesis/tools/ghidra/rastan_project/rastan_arcade  
2026-03-23 00:16:52 INFO  (HeadlessAnalyzer) REPORT: Processing project file: /maincpu.bin  
2026-03-23 00:16:52 INFO  (HeadlessAnalyzer) REPORT: Execute script: FindCWindowBaseLoads.java   
2026-03-23 00:16:52 INFO  (HeadlessAnalyzer) SCRIPT: /home/tighe/projects/rastan-genesis/tools/ghidra/FindCWindowBaseLoads.java  
2026-03-23 00:16:52 INFO  (GhidraScript) FindCWindowBaseLoads.java> === C-WINDOW BASE LOAD SCAN (0xC00000-0xCFFFFF immediates) ===  
2026-03-23 00:16:52 INFO  (GhidraScript) FindCWindowBaseLoads.java> Format: ARCADE_PC | MNEMONIC OPERANDS | BYTES_HEX | BYTE_COUNT | JSON_ENTRY  
2026-03-23 00:16:52 INFO  (GhidraScript) FindCWindowBaseLoads.java>   
2026-03-23 00:16:52 INFO  (GhidraScript) FindCWindowBaseLoads.java> 0x052858 | movea.l #0xc08000,A0 | 207c00c08000 | 6 bytes  
2026-03-23 00:16:52 INFO  (GhidraScript) FindCWindowBaseLoads.java>   -> {"arcade_pc":"0x052858","original_bytes":"207c00c08000","replacement_bytes":"4e714e714e71","note":"NOP movea.l #0xc08000,A0 (C-window base load)"}  
2026-03-23 00:16:52 INFO  (GhidraScript) FindCWindowBaseLoads.java> 0x052974 | movea.l #0xc08000,A0 | 207c00c08000 | 6 bytes  
2026-03-23 00:16:52 INFO  (GhidraScript) FindCWindowBaseLoads.java>   -> {"arcade_pc":"0x052974","original_bytes":"207c00c08000","replacement_bytes":"4e714e714e71","note":"NOP movea.l #0xc08000,A0 (C-window base load)"}  
2026-03-23 00:16:52 INFO  (GhidraScript) FindCWindowBaseLoads.java>   
2026-03-23 00:16:52 INFO  (GhidraScript) FindCWindowBaseLoads.java> === TOTAL: 2 base-load instructions found ===  
2026-03-23 00:16:52 INFO  (HeadlessAnalyzer) REPORT: Save succeeded for processed file: /maincpu.bin  
2026-03-23 00:20:42 INFO  (LoggingInitialization) Using log config file: jar:file:/home/tighe/tools/ghidra_12.0.4_PUBLIC/Ghidra/Framework/Generic/lib/Generic.jar!/generic.log4j.xml  
2026-03-23 00:20:42 INFO  (LoggingInitialization) Using log file: /home/tighe/projects/rastan-genesis/.ghidra_config/ghidra/ghidra_12.0.4_PUBLIC/application.log  
2026-03-23 00:20:42 INFO  (Preferences) Loading user preferences: /home/tighe/projects/rastan-genesis/.ghidra_config/ghidra/ghidra_12.0.4_PUBLIC/preferences  
2026-03-23 00:20:42 INFO  (ClassSearcher) Searching for classes...  
2026-03-23 00:20:43 INFO  (ClassSearcher) Class search complete (1086 ms)  
2026-03-23 00:20:43 INFO  (DefaultSSLContextInitializer) Initializing SSL Context  
2026-03-23 00:20:43 INFO  (SecureRandomFactory) Initializing Random Number Generator...  
2026-03-23 00:20:43 INFO  (SecureRandomFactory) Random Number Generator initialization complete: NativePRNGNonBlocking  
2026-03-23 00:20:43 INFO  (DefaultTrustManagerFactory) Trust manager disabled, cacerts have not been set  
2026-03-23 00:20:44 INFO  (AnalyzeHeadless) Headless startup complete (2611 ms)  
2026-03-23 00:20:44 INFO  (ClassSearcher) Class searcher loaded 58 extension points (18 false positives)  
2026-03-23 00:20:44 INFO  (HeadlessAnalyzer) HEADLESS Script Paths:
    /home/tighe/tools/ghidra_12.0.4_PUBLIC/Ghidra/Debug/Debugger-rmi-trace/ghidra_scripts
    /home/tighe/tools/ghidra_12.0.4_PUBLIC/Ghidra/Features/PDB/ghidra_scripts
    /home/tighe/tools/ghidra_12.0.4_PUBLIC/Ghidra/Processors/JVM/ghidra_scripts
    /home/tighe/tools/ghidra_12.0.4_PUBLIC/Ghidra/Features/FileFormats/ghidra_scripts
    /home/tighe/tools/ghidra_12.0.4_PUBLIC/Ghidra/Features/DecompilerDependent/ghidra_scripts
    /home/tighe/tools/ghidra_12.0.4_PUBLIC/Ghidra/Processors/DATA/ghidra_scripts
    /home/tighe/tools/ghidra_12.0.4_PUBLIC/Ghidra/Features/WildcardAssembler/ghidra_scripts
    /home/tighe/tools/ghidra_12.0.4_PUBLIC/Ghidra/Features/BSim/ghidra_scripts
    /home/tighe/tools/ghidra_12.0.4_PUBLIC/Ghidra/Features/Jython/ghidra_scripts
    /home/tighe/projects/rastan-genesis/tools/ghidra
    /home/tighe/tools/ghidra_12.0.4_PUBLIC/Ghidra/Features/VersionTracking/ghidra_scripts
    /home/tighe/tools/ghidra_12.0.4_PUBLIC/Ghidra/Features/PyGhidra/ghidra_scripts
    /home/tighe/tools/ghidra_12.0.4_PUBLIC/Ghidra/Features/MicrosoftCodeAnalyzer/ghidra_scripts
    /home/tighe/tools/ghidra_12.0.4_PUBLIC/Ghidra/Features/SystemEmulation/ghidra_scripts
    /home/tighe/tools/ghidra_12.0.4_PUBLIC/Ghidra/Processors/PIC/ghidra_scripts
    /home/tighe/tools/ghidra_12.0.4_PUBLIC/Ghidra/Debug/Debugger/ghidra_scripts
    /home/tighe/tools/ghidra_12.0.4_PUBLIC/Ghidra/Features/GnuDemangler/ghidra_scripts
    /home/tighe/tools/ghidra_12.0.4_PUBLIC/Ghidra/Features/BytePatterns/ghidra_scripts
    /home/tighe/tools/ghidra_12.0.4_PUBLIC/Ghidra/Processors/8051/ghidra_scripts
    /home/tighe/tools/ghidra_12.0.4_PUBLIC/Ghidra/Processors/Atmel/ghidra_scripts
    /home/tighe/tools/ghidra_12.0.4_PUBLIC/Ghidra/Features/Base/ghidra_scripts
    /home/tighe/tools/ghidra_12.0.4_PUBLIC/Ghidra/Features/Decompiler/ghidra_scripts
    /home/tighe/tools/ghidra_12.0.4_PUBLIC/Ghidra/Features/SwiftDemangler/ghidra_scripts
    /home/tighe/tools/ghidra_12.0.4_PUBLIC/Ghidra/Features/FunctionID/ghidra_scripts  
2026-03-23 00:20:44 INFO  (HeadlessAnalyzer) HEADLESS: execution starts  
2026-03-23 00:20:44 INFO  (HeadlessAnalyzer) Opening existing project: /home/tighe/projects/rastan-genesis/tools/ghidra/rastan_project/rastan_arcade  
2026-03-23 00:20:44 INFO  (HeadlessProject) Opening project: /home/tighe/projects/rastan-genesis/tools/ghidra/rastan_project/rastan_arcade  
2026-03-23 00:20:45 INFO  (HeadlessAnalyzer) REPORT: Processing project file: /maincpu.bin  
2026-03-23 00:20:46 INFO  (HeadlessAnalyzer) REPORT: Execute script: FindCWindowBaseLoads.java   
2026-03-23 00:20:47 INFO  (HeadlessAnalyzer) SCRIPT: /home/tighe/projects/rastan-genesis/tools/ghidra/FindCWindowBaseLoads.java  
2026-03-23 00:20:47 INFO  (GhidraScript) FindCWindowBaseLoads.java> === C-WINDOW BASE LOAD SCAN (0xC00000-0xCFFFFF immediates) ===  
2026-03-23 00:20:47 INFO  (GhidraScript) FindCWindowBaseLoads.java> Format: ARCADE_PC | MNEMONIC OPERANDS | BYTES_HEX | BYTE_COUNT | JSON_ENTRY  
2026-03-23 00:20:47 INFO  (GhidraScript) FindCWindowBaseLoads.java>   
2026-03-23 00:20:47 ERROR (HeadlessAnalyzer) REPORT SCRIPT ERROR:  ghidra.program.model.mem.MemoryAccessException: Unable to read bytes at ram:00060000
	at ghidra.program.database.mem.MemoryMapDB.getBytes(MemoryMapDB.java:1430)
	at ghidra.program.database.mem.MemoryMapDB.getShort(MemoryMapDB.java:1438)
	at FindCWindowBaseLoads.run(FindCWindowBaseLoads.java:161)
	at ghidra.app.script.GhidraScript.executeNormal(GhidraScript.java:460)
	at ghidra.app.script.GhidraScript.doExecute(GhidraScript.java:314)
	at ghidra.app.script.GhidraScript.execute(GhidraScript.java:290)
	at ghidra.app.util.headless.HeadlessAnalyzer.runScript(HeadlessAnalyzer.java:595)
	at ghidra.app.util.headless.HeadlessAnalyzer.runScriptsList(HeadlessAnalyzer.java:938)
	at ghidra.app.util.headless.HeadlessAnalyzer.analyzeProgram(HeadlessAnalyzer.java:1086)
	at ghidra.app.util.headless.HeadlessAnalyzer.processFileNoImport(HeadlessAnalyzer.java:1184)
	at ghidra.app.util.headless.HeadlessAnalyzer.processFolderNoImport(HeadlessAnalyzer.java:1356)
	at ghidra.app.util.headless.HeadlessAnalyzer.processNoImport(HeadlessAnalyzer.java:1385)
	at ghidra.app.util.headless.HeadlessAnalyzer.processLocal(HeadlessAnalyzer.java:459)
	at ghidra.app.util.headless.AnalyzeHeadless.launch(AnalyzeHeadless.java:199)
	at ghidra.GhidraLauncher.launch(GhidraLauncher.java:81)
	at ghidra.Ghidra.main(Ghidra.java:54)
 
2026-03-23 00:20:47 INFO  (HeadlessAnalyzer) REPORT: Save succeeded for processed file: /maincpu.bin  
2026-03-23 00:21:12 INFO  (LoggingInitialization) Using log config file: jar:file:/home/tighe/tools/ghidra_12.0.4_PUBLIC/Ghidra/Framework/Generic/lib/Generic.jar!/generic.log4j.xml  
2026-03-23 00:21:12 INFO  (LoggingInitialization) Using log file: /home/tighe/projects/rastan-genesis/.ghidra_config/ghidra/ghidra_12.0.4_PUBLIC/application.log  
2026-03-23 00:21:12 INFO  (Preferences) Loading user preferences: /home/tighe/projects/rastan-genesis/.ghidra_config/ghidra/ghidra_12.0.4_PUBLIC/preferences  
2026-03-23 00:21:12 INFO  (ClassSearcher) Searching for classes...  
2026-03-23 00:21:13 INFO  (ClassSearcher) Class search complete (985 ms)  
2026-03-23 00:21:13 INFO  (DefaultSSLContextInitializer) Initializing SSL Context  
2026-03-23 00:21:13 INFO  (SecureRandomFactory) Initializing Random Number Generator...  
2026-03-23 00:21:13 INFO  (SecureRandomFactory) Random Number Generator initialization complete: NativePRNGNonBlocking  
2026-03-23 00:21:13 INFO  (DefaultTrustManagerFactory) Trust manager disabled, cacerts have not been set  
2026-03-23 00:21:13 INFO  (AnalyzeHeadless) Headless startup complete (2089 ms)  
2026-03-23 00:21:13 INFO  (ClassSearcher) Class searcher loaded 58 extension points (18 false positives)  
2026-03-23 00:21:13 INFO  (HeadlessAnalyzer) HEADLESS Script Paths:
    /home/tighe/tools/ghidra_12.0.4_PUBLIC/Ghidra/Debug/Debugger-rmi-trace/ghidra_scripts
    /home/tighe/tools/ghidra_12.0.4_PUBLIC/Ghidra/Features/PDB/ghidra_scripts
    /home/tighe/tools/ghidra_12.0.4_PUBLIC/Ghidra/Processors/JVM/ghidra_scripts
    /home/tighe/tools/ghidra_12.0.4_PUBLIC/Ghidra/Features/FileFormats/ghidra_scripts
    /home/tighe/tools/ghidra_12.0.4_PUBLIC/Ghidra/Features/DecompilerDependent/ghidra_scripts
    /home/tighe/tools/ghidra_12.0.4_PUBLIC/Ghidra/Processors/DATA/ghidra_scripts
    /home/tighe/tools/ghidra_12.0.4_PUBLIC/Ghidra/Features/WildcardAssembler/ghidra_scripts
    /home/tighe/tools/ghidra_12.0.4_PUBLIC/Ghidra/Features/BSim/ghidra_scripts
    /home/tighe/tools/ghidra_12.0.4_PUBLIC/Ghidra/Features/Jython/ghidra_scripts
    /home/tighe/projects/rastan-genesis/tools/ghidra
    /home/tighe/tools/ghidra_12.0.4_PUBLIC/Ghidra/Features/VersionTracking/ghidra_scripts
    /home/tighe/tools/ghidra_12.0.4_PUBLIC/Ghidra/Features/PyGhidra/ghidra_scripts
    /home/tighe/tools/ghidra_12.0.4_PUBLIC/Ghidra/Features/MicrosoftCodeAnalyzer/ghidra_scripts
    /home/tighe/tools/ghidra_12.0.4_PUBLIC/Ghidra/Features/SystemEmulation/ghidra_scripts
    /home/tighe/tools/ghidra_12.0.4_PUBLIC/Ghidra/Processors/PIC/ghidra_scripts
    /home/tighe/tools/ghidra_12.0.4_PUBLIC/Ghidra/Debug/Debugger/ghidra_scripts
    /home/tighe/tools/ghidra_12.0.4_PUBLIC/Ghidra/Features/GnuDemangler/ghidra_scripts
    /home/tighe/tools/ghidra_12.0.4_PUBLIC/Ghidra/Features/BytePatterns/ghidra_scripts
    /home/tighe/tools/ghidra_12.0.4_PUBLIC/Ghidra/Processors/8051/ghidra_scripts
    /home/tighe/tools/ghidra_12.0.4_PUBLIC/Ghidra/Processors/Atmel/ghidra_scripts
    /home/tighe/tools/ghidra_12.0.4_PUBLIC/Ghidra/Features/Base/ghidra_scripts
    /home/tighe/tools/ghidra_12.0.4_PUBLIC/Ghidra/Features/Decompiler/ghidra_scripts
    /home/tighe/tools/ghidra_12.0.4_PUBLIC/Ghidra/Features/SwiftDemangler/ghidra_scripts
    /home/tighe/tools/ghidra_12.0.4_PUBLIC/Ghidra/Features/FunctionID/ghidra_scripts  
2026-03-23 00:21:13 INFO  (HeadlessAnalyzer) HEADLESS: execution starts  
2026-03-23 00:21:13 INFO  (HeadlessAnalyzer) Opening existing project: /home/tighe/projects/rastan-genesis/tools/ghidra/rastan_project/rastan_arcade  
2026-03-23 00:21:13 INFO  (HeadlessProject) Opening project: /home/tighe/projects/rastan-genesis/tools/ghidra/rastan_project/rastan_arcade  
2026-03-23 00:21:14 INFO  (HeadlessAnalyzer) REPORT: Processing project file: /maincpu.bin  
2026-03-23 00:21:15 INFO  (HeadlessAnalyzer) REPORT: Execute script: FindCWindowBaseLoads.java   
2026-03-23 00:21:16 INFO  (HeadlessAnalyzer) SCRIPT: /home/tighe/projects/rastan-genesis/tools/ghidra/FindCWindowBaseLoads.java  
2026-03-23 00:21:16 INFO  (GhidraScript) FindCWindowBaseLoads.java> === C-WINDOW BASE LOAD SCAN (0xC00000-0xCFFFFF immediates) ===  
2026-03-23 00:21:16 INFO  (GhidraScript) FindCWindowBaseLoads.java> Format: ARCADE_PC | MNEMONIC OPERANDS | BYTES_HEX | BYTE_COUNT | JSON_ENTRY  
2026-03-23 00:21:16 INFO  (GhidraScript) FindCWindowBaseLoads.java>   
2026-03-23 00:21:16 INFO  (GhidraScript) FindCWindowBaseLoads.java> 0x00016A | lea #0xC20002,<ea> | 41f900c20002 | 6 bytes  
2026-03-23 00:21:16 INFO  (GhidraScript) FindCWindowBaseLoads.java>   -> {"arcade_pc":"0x00016A","original_bytes":"41f900c20002","replacement_bytes":"4e714e714e71","note":"NOP lea #0xC20002,<ea> (C-window base load)"}  
2026-03-23 00:21:16 INFO  (GhidraScript) FindCWindowBaseLoads.java> 0x000170 | lea #0xC40002,<ea> | 43f900c40002 | 6 bytes  
2026-03-23 00:21:16 INFO  (GhidraScript) FindCWindowBaseLoads.java>   -> {"arcade_pc":"0x000170","original_bytes":"43f900c40002","replacement_bytes":"4e714e714e71","note":"NOP lea #0xC40002,<ea> (C-window base load)"}  
2026-03-23 00:21:16 INFO  (GhidraScript) FindCWindowBaseLoads.java> 0x0002CA | lea #0xC08218,<ea> | 41f900c08218 | 6 bytes  
2026-03-23 00:21:16 INFO  (GhidraScript) FindCWindowBaseLoads.java>   -> {"arcade_pc":"0x0002CA","original_bytes":"41f900c08218","replacement_bytes":"4e714e714e71","note":"NOP lea #0xC08218,<ea> (C-window base load)"}  
2026-03-23 00:21:16 INFO  (GhidraScript) FindCWindowBaseLoads.java> 0x0002D0 | lea #0xC08318,<ea> | 43f900c08318 | 6 bytes  
2026-03-23 00:21:16 INFO  (GhidraScript) FindCWindowBaseLoads.java>   -> {"arcade_pc":"0x0002D0","original_bytes":"43f900c08318","replacement_bytes":"4e714e714e71","note":"NOP lea #0xC08318,<ea> (C-window base load)"}  
2026-03-23 00:21:16 INFO  (GhidraScript) FindCWindowBaseLoads.java> 0x00030E | lea #0xC08838,<ea> | 41f900c08838 | 6 bytes  
2026-03-23 00:21:16 INFO  (GhidraScript) FindCWindowBaseLoads.java>   -> {"arcade_pc":"0x00030E","original_bytes":"41f900c08838","replacement_bytes":"4e714e714e71","note":"NOP lea #0xC08838,<ea> (C-window base load)"}  
2026-03-23 00:21:16 INFO  (GhidraScript) FindCWindowBaseLoads.java> 0x000314 | lea #0xC08938,<ea> | 43f900c08938 | 6 bytes  
2026-03-23 00:21:16 INFO  (GhidraScript) FindCWindowBaseLoads.java>   -> {"arcade_pc":"0x000314","original_bytes":"43f900c08938","replacement_bytes":"4e714e714e71","note":"NOP lea #0xC08938,<ea> (C-window base load)"}  
2026-03-23 00:21:16 INFO  (GhidraScript) FindCWindowBaseLoads.java> 0x00031A | lea #0xC08A38,<ea> | 45f900c08a38 | 6 bytes  
2026-03-23 00:21:16 INFO  (GhidraScript) FindCWindowBaseLoads.java>   -> {"arcade_pc":"0x00031A","original_bytes":"45f900c08a38","replacement_bytes":"4e714e714e71","note":"NOP lea #0xC08A38,<ea> (C-window base load)"}  
2026-03-23 00:21:16 INFO  (GhidraScript) FindCWindowBaseLoads.java> 0x000320 | lea #0xC08B38,<ea> | 47f900c08b38 | 6 bytes  
2026-03-23 00:21:16 INFO  (GhidraScript) FindCWindowBaseLoads.java>   -> {"arcade_pc":"0x000320","original_bytes":"47f900c08b38","replacement_bytes":"4e714e714e71","note":"NOP lea #0xC08B38,<ea> (C-window base load)"}  
2026-03-23 00:21:16 INFO  (GhidraScript) FindCWindowBaseLoads.java> 0x0003AC | lea #0xC08748,<ea> | 45f900c08748 | 6 bytes  
2026-03-23 00:21:16 INFO  (GhidraScript) FindCWindowBaseLoads.java>   -> {"arcade_pc":"0x0003AC","original_bytes":"45f900c08748","replacement_bytes":"4e714e714e71","note":"NOP lea #0xC08748,<ea> (C-window base load)"}  
2026-03-23 00:21:16 INFO  (GhidraScript) FindCWindowBaseLoads.java> 0x0003B6 | lea #0xC08770,<ea> | 45f900c08770 | 6 bytes  
2026-03-23 00:21:16 INFO  (GhidraScript) FindCWindowBaseLoads.java>   -> {"arcade_pc":"0x0003B6","original_bytes":"45f900c08770","replacement_bytes":"4e714e714e71","note":"NOP lea #0xC08770,<ea> (C-window base load)"}  
2026-03-23 00:21:16 INFO  (GhidraScript) FindCWindowBaseLoads.java> 0x0003C0 | lea #0xC08770,<ea> | 45f900c08770 | 6 bytes  
2026-03-23 00:21:16 INFO  (GhidraScript) FindCWindowBaseLoads.java>   -> {"arcade_pc":"0x0003C0","original_bytes":"45f900c08770","replacement_bytes":"4e714e714e71","note":"NOP lea #0xC08770,<ea> (C-window base load)"}  
2026-03-23 00:21:16 INFO  (GhidraScript) FindCWindowBaseLoads.java> 0x0003CA | lea #0xC08948,<ea> | 45f900c08948 | 6 bytes  
2026-03-23 00:21:16 INFO  (GhidraScript) FindCWindowBaseLoads.java>   -> {"arcade_pc":"0x0003CA","original_bytes":"45f900c08948","replacement_bytes":"4e714e714e71","note":"NOP lea #0xC08948,<ea> (C-window base load)"}  
2026-03-23 00:21:16 INFO  (GhidraScript) FindCWindowBaseLoads.java> 0x0003D4 | lea #0xC08984,<ea> | 45f900c08984 | 6 bytes  
2026-03-23 00:21:16 INFO  (GhidraScript) FindCWindowBaseLoads.java>   -> {"arcade_pc":"0x0003D4","original_bytes":"45f900c08984","replacement_bytes":"4e714e714e71","note":"NOP lea #0xC08984,<ea> (C-window base load)"}  
2026-03-23 00:21:16 INFO  (GhidraScript) FindCWindowBaseLoads.java> 0x0003E0 | lea #0xC08540,<ea> | 45f900c08540 | 6 bytes  
2026-03-23 00:21:16 INFO  (GhidraScript) FindCWindowBaseLoads.java>   -> {"arcade_pc":"0x0003E0","original_bytes":"45f900c08540","replacement_bytes":"4e714e714e71","note":"NOP lea #0xC08540,<ea> (C-window base load)"}  
2026-03-23 00:21:16 INFO  (GhidraScript) FindCWindowBaseLoads.java> 0x0003EA | lea #0xC08574,<ea> | 45f900c08574 | 6 bytes  
2026-03-23 00:21:16 INFO  (GhidraScript) FindCWindowBaseLoads.java>   -> {"arcade_pc":"0x0003EA","original_bytes":"45f900c08574","replacement_bytes":"4e714e714e71","note":"NOP lea #0xC08574,<ea> (C-window base load)"}  
2026-03-23 00:21:16 INFO  (GhidraScript) FindCWindowBaseLoads.java> 0x0003FC | lea #0xC08E40,<ea> | 45f900c08e40 | 6 bytes  
2026-03-23 00:21:16 INFO  (GhidraScript) FindCWindowBaseLoads.java>   -> {"arcade_pc":"0x0003FC","original_bytes":"45f900c08e40","replacement_bytes":"4e714e714e71","note":"NOP lea #0xC08E40,<ea> (C-window base load)"}  
2026-03-23 00:21:16 INFO  (GhidraScript) FindCWindowBaseLoads.java> 0x000406 | lea #0xC08F40,<ea> | 45f900c08f40 | 6 bytes  
2026-03-23 00:21:16 INFO  (GhidraScript) FindCWindowBaseLoads.java>   -> {"arcade_pc":"0x000406","original_bytes":"45f900c08f40","replacement_bytes":"4e714e714e71","note":"NOP lea #0xC08F40,<ea> (C-window base load)"}  
2026-03-23 00:21:16 INFO  (GhidraScript) FindCWindowBaseLoads.java> 0x000410 | lea #0xC09040,<ea> | 45f900c09040 | 6 bytes  
2026-03-23 00:21:16 INFO  (GhidraScript) FindCWindowBaseLoads.java>   -> {"arcade_pc":"0x000410","original_bytes":"45f900c09040","replacement_bytes":"4e714e714e71","note":"NOP lea #0xC09040,<ea> (C-window base load)"}  
2026-03-23 00:21:16 INFO  (GhidraScript) FindCWindowBaseLoads.java> 0x00041A | lea #0xC09140,<ea> | 45f900c09140 | 6 bytes  
2026-03-23 00:21:16 INFO  (GhidraScript) FindCWindowBaseLoads.java>   -> {"arcade_pc":"0x00041A","original_bytes":"45f900c09140","replacement_bytes":"4e714e714e71","note":"NOP lea #0xC09140,<ea> (C-window base load)"}  
2026-03-23 00:21:16 INFO  (GhidraScript) FindCWindowBaseLoads.java> 0x000424 | lea #0xC08B40,<ea> | 45f900c08b40 | 6 bytes  
2026-03-23 00:21:16 INFO  (GhidraScript) FindCWindowBaseLoads.java>   -> {"arcade_pc":"0x000424","original_bytes":"45f900c08b40","replacement_bytes":"4e714e714e71","note":"NOP lea #0xC08B40,<ea> (C-window base load)"}  
2026-03-23 00:21:16 INFO  (GhidraScript) FindCWindowBaseLoads.java> 0x00042E | lea #0xC08C40,<ea> | 45f900c08c40 | 6 bytes  
2026-03-23 00:21:16 INFO  (GhidraScript) FindCWindowBaseLoads.java>   -> {"arcade_pc":"0x00042E","original_bytes":"45f900c08c40","replacement_bytes":"4e714e714e71","note":"NOP lea #0xC08C40,<ea> (C-window base load)"}  
2026-03-23 00:21:16 INFO  (GhidraScript) FindCWindowBaseLoads.java> 0x000440 | lea #0xC08E7C,<ea> | 45f900c08e7c | 6 bytes  
2026-03-23 00:21:16 INFO  (GhidraScript) FindCWindowBaseLoads.java>   -> {"arcade_pc":"0x000440","original_bytes":"45f900c08e7c","replacement_bytes":"4e714e714e71","note":"NOP lea #0xC08E7C,<ea> (C-window base load)"}  
2026-03-23 00:21:16 INFO  (GhidraScript) FindCWindowBaseLoads.java> 0x00044A | lea #0xC08F7C,<ea> | 45f900c08f7c | 6 bytes  
2026-03-23 00:21:16 INFO  (GhidraScript) FindCWindowBaseLoads.java>   -> {"arcade_pc":"0x00044A","original_bytes":"45f900c08f7c","replacement_bytes":"4e714e714e71","note":"NOP lea #0xC08F7C,<ea> (C-window base load)"}  
2026-03-23 00:21:16 INFO  (GhidraScript) FindCWindowBaseLoads.java> 0x000454 | lea #0xC0907C,<ea> | 45f900c0907c | 6 bytes  
2026-03-23 00:21:16 INFO  (GhidraScript) FindCWindowBaseLoads.java>   -> {"arcade_pc":"0x000454","original_bytes":"45f900c0907c","replacement_bytes":"4e714e714e71","note":"NOP lea #0xC0907C,<ea> (C-window base load)"}  
2026-03-23 00:21:16 INFO  (GhidraScript) FindCWindowBaseLoads.java> 0x00045E | lea #0xC0917C,<ea> | 45f900c0917c | 6 bytes  
2026-03-23 00:21:16 INFO  (GhidraScript) FindCWindowBaseLoads.java>   -> {"arcade_pc":"0x00045E","original_bytes":"45f900c0917c","replacement_bytes":"4e714e714e71","note":"NOP lea #0xC0917C,<ea> (C-window base load)"}  
2026-03-23 00:21:16 INFO  (GhidraScript) FindCWindowBaseLoads.java> 0x000468 | lea #0xC08B7C,<ea> | 45f900c08b7c | 6 bytes  
2026-03-23 00:21:16 INFO  (GhidraScript) FindCWindowBaseLoads.java>   -> {"arcade_pc":"0x000468","original_bytes":"45f900c08b7c","replacement_bytes":"4e714e714e71","note":"NOP lea #0xC08B7C,<ea> (C-window base load)"}  
2026-03-23 00:21:16 INFO  (GhidraScript) FindCWindowBaseLoads.java> 0x000472 | lea #0xC08C7C,<ea> | 45f900c08c7c | 6 bytes  
2026-03-23 00:21:16 INFO  (GhidraScript) FindCWindowBaseLoads.java>   -> {"arcade_pc":"0x000472","original_bytes":"45f900c08c7c","replacement_bytes":"4e714e714e71","note":"NOP lea #0xC08C7C,<ea> (C-window base load)"}  
2026-03-23 00:21:16 INFO  (GhidraScript) FindCWindowBaseLoads.java> 0x000484 | lea #0xC09450,<ea> | 45f900c09450 | 6 bytes  
2026-03-23 00:21:16 INFO  (GhidraScript) FindCWindowBaseLoads.java>   -> {"arcade_pc":"0x000484","original_bytes":"45f900c09450","replacement_bytes":"4e714e714e71","note":"NOP lea #0xC09450,<ea> (C-window base load)"}  
2026-03-23 00:21:16 INFO  (GhidraScript) FindCWindowBaseLoads.java> 0x000496 | lea #0xC09550,<ea> | 45f900c09550 | 6 bytes  
2026-03-23 00:21:16 INFO  (GhidraScript) FindCWindowBaseLoads.java>   -> {"arcade_pc":"0x000496","original_bytes":"45f900c09550","replacement_bytes":"4e714e714e71","note":"NOP lea #0xC09550,<ea> (C-window base load)"}  
2026-03-23 00:21:16 INFO  (GhidraScript) FindCWindowBaseLoads.java> 0x000502 | lea #0xC08000,<ea> | 41f900c08000 | 6 bytes  
2026-03-23 00:21:16 INFO  (GhidraScript) FindCWindowBaseLoads.java>   -> {"arcade_pc":"0x000502","original_bytes":"41f900c08000","replacement_bytes":"4e714e714e71","note":"NOP lea #0xC08000,<ea> (C-window base load)"}  
2026-03-23 00:21:16 INFO  (GhidraScript) FindCWindowBaseLoads.java> 0x000508 | lea #0xC0C000,<ea> | 45f900c0c000 | 6 bytes  
2026-03-23 00:21:16 INFO  (GhidraScript) FindCWindowBaseLoads.java>   -> {"arcade_pc":"0x000508","original_bytes":"45f900c0c000","replacement_bytes":"4e714e714e71","note":"NOP lea #0xC0C000,<ea> (C-window base load)"}  
2026-03-23 00:21:16 INFO  (GhidraScript) FindCWindowBaseLoads.java> 0x00054A | lea #0xC00000,<ea> | 41f900c00000 | 6 bytes  
2026-03-23 00:21:16 INFO  (GhidraScript) FindCWindowBaseLoads.java>   -> {"arcade_pc":"0x00054A","original_bytes":"41f900c00000","replacement_bytes":"4e714e714e71","note":"NOP lea #0xC00000,<ea> (C-window base load)"}  
2026-03-23 00:21:16 INFO  (GhidraScript) FindCWindowBaseLoads.java> 0x000550 | lea #0xC04000,<ea> | 43f900c04000 | 6 bytes  
2026-03-23 00:21:16 INFO  (GhidraScript) FindCWindowBaseLoads.java>   -> {"arcade_pc":"0x000550","original_bytes":"43f900c04000","replacement_bytes":"4e714e714e71","note":"NOP lea #0xC04000,<ea> (C-window base load)"}  
2026-03-23 00:21:16 INFO  (GhidraScript) FindCWindowBaseLoads.java> 0x00055A | lea #0xC08000,<ea> | 41f900c08000 | 6 bytes  
2026-03-23 00:21:16 INFO  (GhidraScript) FindCWindowBaseLoads.java>   -> {"arcade_pc":"0x00055A","original_bytes":"41f900c08000","replacement_bytes":"4e714e714e71","note":"NOP lea #0xC08000,<ea> (C-window base load)"}  
2026-03-23 00:21:16 INFO  (GhidraScript) FindCWindowBaseLoads.java> 0x000560 | lea #0xC0C000,<ea> | 43f900c0c000 | 6 bytes  
2026-03-23 00:21:16 INFO  (GhidraScript) FindCWindowBaseLoads.java>   -> {"arcade_pc":"0x000560","original_bytes":"43f900c0c000","replacement_bytes":"4e714e714e71","note":"NOP lea #0xC0C000,<ea> (C-window base load)"}  
2026-03-23 00:21:16 INFO  (GhidraScript) FindCWindowBaseLoads.java> 0x000630 | lea #0xC0975C,<ea> | 41f900c0975c | 6 bytes  
2026-03-23 00:21:16 INFO  (GhidraScript) FindCWindowBaseLoads.java>   -> {"arcade_pc":"0x000630","original_bytes":"41f900c0975c","replacement_bytes":"4e714e714e71","note":"NOP lea #0xC0975C,<ea> (C-window base load)"}  
2026-03-23 00:21:16 INFO  (GhidraScript) FindCWindowBaseLoads.java> 0x00069A | lea #0xC09748,<ea> | 45f900c09748 | 6 bytes  
2026-03-23 00:21:16 INFO  (GhidraScript) FindCWindowBaseLoads.java>   -> {"arcade_pc":"0x00069A","original_bytes":"45f900c09748","replacement_bytes":"4e714e714e71","note":"NOP lea #0xC09748,<ea> (C-window base load)"}  
2026-03-23 00:21:16 INFO  (GhidraScript) FindCWindowBaseLoads.java> 0x03AE64 | lea #0xC00100,<ea> | 41f900c00100 | 6 bytes  
2026-03-23 00:21:16 INFO  (GhidraScript) FindCWindowBaseLoads.java>   -> {"arcade_pc":"0x03AE64","original_bytes":"41f900c00100","replacement_bytes":"4e714e714e71","note":"NOP lea #0xC00100,<ea> (C-window base load)"}  
2026-03-23 00:21:16 INFO  (GhidraScript) FindCWindowBaseLoads.java> 0x03AE74 | lea #0xC08100,<ea> | 41f900c08100 | 6 bytes  
2026-03-23 00:21:16 INFO  (GhidraScript) FindCWindowBaseLoads.java>   -> {"arcade_pc":"0x03AE74","original_bytes":"41f900c08100","replacement_bytes":"4e714e714e71","note":"NOP lea #0xC08100,<ea> (C-window base load)"}  
2026-03-23 00:21:16 INFO  (GhidraScript) FindCWindowBaseLoads.java> 0x03AF2C | lea #0xC00000,<ea> | 41f900c00000 | 6 bytes  
2026-03-23 00:21:16 INFO  (GhidraScript) FindCWindowBaseLoads.java>   -> {"arcade_pc":"0x03AF2C","original_bytes":"41f900c00000","replacement_bytes":"4e714e714e71","note":"NOP lea #0xC00000,<ea> (C-window base load)"}  
2026-03-23 00:21:16 INFO  (GhidraScript) FindCWindowBaseLoads.java> 0x03AF3C | lea #0xC08000,<ea> | 41f900c08000 | 6 bytes  
2026-03-23 00:21:16 INFO  (GhidraScript) FindCWindowBaseLoads.java>   -> {"arcade_pc":"0x03AF3C","original_bytes":"41f900c08000","replacement_bytes":"4e714e714e71","note":"NOP lea #0xC08000,<ea> (C-window base load)"}  
2026-03-23 00:21:16 INFO  (GhidraScript) FindCWindowBaseLoads.java> 0x03AF52 | lea #0xC04000,<ea> | 41f900c04000 | 6 bytes  
2026-03-23 00:21:16 INFO  (GhidraScript) FindCWindowBaseLoads.java>   -> {"arcade_pc":"0x03AF52","original_bytes":"41f900c04000","replacement_bytes":"4e714e714e71","note":"NOP lea #0xC04000,<ea> (C-window base load)"}  
2026-03-23 00:21:16 INFO  (GhidraScript) FindCWindowBaseLoads.java> 0x03AF62 | lea #0xC0C000,<ea> | 41f900c0c000 | 6 bytes  
2026-03-23 00:21:16 INFO  (GhidraScript) FindCWindowBaseLoads.java>   -> {"arcade_pc":"0x03AF62","original_bytes":"41f900c0c000","replacement_bytes":"4e714e714e71","note":"NOP lea #0xC0C000,<ea> (C-window base load)"}  
2026-03-23 00:21:16 INFO  (GhidraScript) FindCWindowBaseLoads.java> 0x03B192 | lea #0xC09376,<ea> | 41f900c09376 | 6 bytes  
2026-03-23 00:21:16 INFO  (GhidraScript) FindCWindowBaseLoads.java>   -> {"arcade_pc":"0x03B192","original_bytes":"41f900c09376","replacement_bytes":"4e714e714e71","note":"NOP lea #0xC09376,<ea> (C-window base load)"}  
2026-03-23 00:21:16 INFO  (GhidraScript) FindCWindowBaseLoads.java> 0x03B20E | lea #0xC09320,<ea> | 41f900c09320 | 6 bytes  
2026-03-23 00:21:16 INFO  (GhidraScript) FindCWindowBaseLoads.java>   -> {"arcade_pc":"0x03B20E","original_bytes":"41f900c09320","replacement_bytes":"4e714e714e71","note":"NOP lea #0xC09320,<ea> (C-window base load)"}  
2026-03-23 00:21:16 INFO  (GhidraScript) FindCWindowBaseLoads.java> 0x03B442 | lea #0xC09320,<ea> | 41f900c09320 | 6 bytes  
2026-03-23 00:21:16 INFO  (GhidraScript) FindCWindowBaseLoads.java>   -> {"arcade_pc":"0x03B442","original_bytes":"41f900c09320","replacement_bytes":"4e714e714e71","note":"NOP lea #0xC09320,<ea> (C-window base load)"}  
2026-03-23 00:21:16 INFO  (GhidraScript) FindCWindowBaseLoads.java> 0x03B45C | lea #0xC09140,<ea> | 41f900c09140 | 6 bytes  
2026-03-23 00:21:16 INFO  (GhidraScript) FindCWindowBaseLoads.java>   -> {"arcade_pc":"0x03B45C","original_bytes":"41f900c09140","replacement_bytes":"4e714e714e71","note":"NOP lea #0xC09140,<ea> (C-window base load)"}  
2026-03-23 00:21:16 INFO  (GhidraScript) FindCWindowBaseLoads.java> 0x03B474 | lea #0xC0887C,<ea> | 41f900c0887c | 6 bytes  
2026-03-23 00:21:16 INFO  (GhidraScript) FindCWindowBaseLoads.java>   -> {"arcade_pc":"0x03B474","original_bytes":"41f900c0887c","replacement_bytes":"4e714e714e71","note":"NOP lea #0xC0887C,<ea> (C-window base load)"}  
2026-03-23 00:21:16 INFO  (GhidraScript) FindCWindowBaseLoads.java> 0x03B48A | lea #0xC08D6E,<ea> | 41f900c08d6e | 6 bytes  
2026-03-23 00:21:16 INFO  (GhidraScript) FindCWindowBaseLoads.java>   -> {"arcade_pc":"0x03B48A","original_bytes":"41f900c08d6e","replacement_bytes":"4e714e714e71","note":"NOP lea #0xC08D6E,<ea> (C-window base load)"}  
2026-03-23 00:21:16 INFO  (GhidraScript) FindCWindowBaseLoads.java> 0x03B50A | lea #0xC08D6C,<ea> | 41f900c08d6c | 6 bytes  
2026-03-23 00:21:16 INFO  (GhidraScript) FindCWindowBaseLoads.java>   -> {"arcade_pc":"0x03B50A","original_bytes":"41f900c08d6c","replacement_bytes":"4e714e714e71","note":"NOP lea #0xC08D6C,<ea> (C-window base load)"}  
2026-03-23 00:21:16 INFO  (GhidraScript) FindCWindowBaseLoads.java> 0x03B56A | lea #0xC08D6C,<ea> | 41f900c08d6c | 6 bytes  
2026-03-23 00:21:16 INFO  (GhidraScript) FindCWindowBaseLoads.java>   -> {"arcade_pc":"0x03B56A","original_bytes":"41f900c08d6c","replacement_bytes":"4e714e714e71","note":"NOP lea #0xC08D6C,<ea> (C-window base load)"}  
2026-03-23 00:21:16 INFO  (GhidraScript) FindCWindowBaseLoads.java> 0x03B5B2 | lea #0xC08D6E,<ea> | 41f900c08d6e | 6 bytes  
2026-03-23 00:21:16 INFO  (GhidraScript) FindCWindowBaseLoads.java>   -> {"arcade_pc":"0x03B5B2","original_bytes":"41f900c08d6e","replacement_bytes":"4e714e714e71","note":"NOP lea #0xC08D6E,<ea> (C-window base load)"}  
2026-03-23 00:21:16 INFO  (GhidraScript) FindCWindowBaseLoads.java> 0x03C418 | adda.l #0xC08000,<ea> | d3fc00c08000 | 6 bytes  
2026-03-23 00:21:16 INFO  (GhidraScript) FindCWindowBaseLoads.java>   -> {"arcade_pc":"0x03C418","original_bytes":"d3fc00c08000","replacement_bytes":"4e714e714e71","note":"NOP adda.l #0xC08000,<ea> (C-window base load)"}  
2026-03-23 00:21:16 INFO  (GhidraScript) FindCWindowBaseLoads.java> 0x050420 | move.l #0xC0BF00,<ea> | 203c00c0bf00 | 6 bytes  
2026-03-23 00:21:16 INFO  (GhidraScript) FindCWindowBaseLoads.java>   -> {"arcade_pc":"0x050420","original_bytes":"203c00c0bf00","replacement_bytes":"4e714e714e71","note":"NOP move.l #0xC0BF00,<ea> (C-window base load)"}  
2026-03-23 00:21:16 INFO  (GhidraScript) FindCWindowBaseLoads.java> 0x052858 | movea.l #0xc08000,A0 | 207c00c08000 | 6 bytes  
2026-03-23 00:21:16 INFO  (GhidraScript) FindCWindowBaseLoads.java>   -> {"arcade_pc":"0x052858","original_bytes":"207c00c08000","replacement_bytes":"4e714e714e71","note":"NOP movea.l #0xc08000,A0 (C-window base load)"}  
2026-03-23 00:21:16 INFO  (GhidraScript) FindCWindowBaseLoads.java> 0x052974 | movea.l #0xc08000,A0 | 207c00c08000 | 6 bytes  
2026-03-23 00:21:16 INFO  (GhidraScript) FindCWindowBaseLoads.java>   -> {"arcade_pc":"0x052974","original_bytes":"207c00c08000","replacement_bytes":"4e714e714e71","note":"NOP movea.l #0xc08000,A0 (C-window base load)"}  
2026-03-23 00:21:16 INFO  (GhidraScript) FindCWindowBaseLoads.java> 0x056032 | movea.l #0xC00828,<ea> | 227c00c00828 | 6 bytes  
2026-03-23 00:21:16 INFO  (GhidraScript) FindCWindowBaseLoads.java>   -> {"arcade_pc":"0x056032","original_bytes":"227c00c00828","replacement_bytes":"4e714e714e71","note":"NOP movea.l #0xC00828,<ea> (C-window base load)"}  
2026-03-23 00:21:16 INFO  (GhidraScript) FindCWindowBaseLoads.java> 0x05605C | movea.l #0xC00028,<ea> | 227c00c00028 | 6 bytes  
2026-03-23 00:21:16 INFO  (GhidraScript) FindCWindowBaseLoads.java>   -> {"arcade_pc":"0x05605C","original_bytes":"227c00c00028","replacement_bytes":"4e714e714e71","note":"NOP movea.l #0xC00028,<ea> (C-window base load)"}  
2026-03-23 00:21:16 INFO  (GhidraScript) FindCWindowBaseLoads.java> 0x0561C0 | movea.l #0xC08000,<ea> | 207c00c08000 | 6 bytes  
2026-03-23 00:21:16 INFO  (GhidraScript) FindCWindowBaseLoads.java>   -> {"arcade_pc":"0x0561C0","original_bytes":"207c00c08000","replacement_bytes":"4e714e714e71","note":"NOP movea.l #0xC08000,<ea> (C-window base load)"}  
2026-03-23 00:21:16 INFO  (GhidraScript) FindCWindowBaseLoads.java> 0x0561C6 | movea.l #0xC00000,<ea> | 227c00c00000 | 6 bytes  
2026-03-23 00:21:16 INFO  (GhidraScript) FindCWindowBaseLoads.java>   -> {"arcade_pc":"0x0561C6","original_bytes":"227c00c00000","replacement_bytes":"4e714e714e71","note":"NOP movea.l #0xC00000,<ea> (C-window base load)"}  
2026-03-23 00:21:16 INFO  (GhidraScript) FindCWindowBaseLoads.java> 0x0575CE | movea.l #0xC08000,<ea> | 207c00c08000 | 6 bytes  
2026-03-23 00:21:16 INFO  (GhidraScript) FindCWindowBaseLoads.java>   -> {"arcade_pc":"0x0575CE","original_bytes":"207c00c08000","replacement_bytes":"4e714e714e71","note":"NOP movea.l #0xC08000,<ea> (C-window base load)"}  
2026-03-23 00:21:16 INFO  (GhidraScript) FindCWindowBaseLoads.java> 0x0578E0 | movea.l #0xC010FC,<ea> | 227c00c010fc | 6 bytes  
2026-03-23 00:21:16 INFO  (GhidraScript) FindCWindowBaseLoads.java>   -> {"arcade_pc":"0x0578E0","original_bytes":"227c00c010fc","replacement_bytes":"4e714e714e71","note":"NOP movea.l #0xC010FC,<ea> (C-window base load)"}  
2026-03-23 00:21:16 INFO  (GhidraScript) FindCWindowBaseLoads.java> 0x05A370 | movea.l #0xC00320,<ea> | 227c00c00320 | 6 bytes  
2026-03-23 00:21:16 INFO  (GhidraScript) FindCWindowBaseLoads.java>   -> {"arcade_pc":"0x05A370","original_bytes":"227c00c00320","replacement_bytes":"4e714e714e71","note":"NOP movea.l #0xC00320,<ea> (C-window base load)"}  
2026-03-23 00:21:16 INFO  (GhidraScript) FindCWindowBaseLoads.java> 0x05A38E | movea.l #0xC00328,<ea> | 227c00c00328 | 6 bytes  
2026-03-23 00:21:16 INFO  (GhidraScript) FindCWindowBaseLoads.java>   -> {"arcade_pc":"0x05A38E","original_bytes":"227c00c00328","replacement_bytes":"4e714e714e71","note":"NOP movea.l #0xC00328,<ea> (C-window base load)"}  
2026-03-23 00:21:16 INFO  (GhidraScript) FindCWindowBaseLoads.java> 0x05A3C0 | movea.l #0xC01240,<ea> | 227c00c01240 | 6 bytes  
2026-03-23 00:21:16 INFO  (GhidraScript) FindCWindowBaseLoads.java>   -> {"arcade_pc":"0x05A3C0","original_bytes":"227c00c01240","replacement_bytes":"4e714e714e71","note":"NOP movea.l #0xC01240,<ea> (C-window base load)"}  
2026-03-23 00:21:16 INFO  (GhidraScript) FindCWindowBaseLoads.java> 0x05A3F2 | movea.l #0xC00E18,<ea> | 227c00c00e18 | 6 bytes  
2026-03-23 00:21:16 INFO  (GhidraScript) FindCWindowBaseLoads.java>   -> {"arcade_pc":"0x05A3F2","original_bytes":"227c00c00e18","replacement_bytes":"4e714e714e71","note":"NOP movea.l #0xC00E18,<ea> (C-window base load)"}  
2026-03-23 00:21:16 INFO  (GhidraScript) FindCWindowBaseLoads.java> 0x05A424 | movea.l #0xC00C3C,<ea> | 227c00c00c3c | 6 bytes  
2026-03-23 00:21:16 INFO  (GhidraScript) FindCWindowBaseLoads.java>   -> {"arcade_pc":"0x05A424","original_bytes":"227c00c00c3c","replacement_bytes":"4e714e714e71","note":"NOP movea.l #0xC00C3C,<ea> (C-window base load)"}  
2026-03-23 00:21:16 INFO  (GhidraScript) FindCWindowBaseLoads.java> 0x05A456 | movea.l #0xC00C38,<ea> | 227c00c00c38 | 6 bytes  
2026-03-23 00:21:16 INFO  (GhidraScript) FindCWindowBaseLoads.java>   -> {"arcade_pc":"0x05A456","original_bytes":"227c00c00c38","replacement_bytes":"4e714e714e71","note":"NOP movea.l #0xC00C38,<ea> (C-window base load)"}  
2026-03-23 00:21:16 INFO  (GhidraScript) FindCWindowBaseLoads.java>   
2026-03-23 00:21:16 INFO  (GhidraScript) FindCWindowBaseLoads.java> === TOTAL: 68 base-load instructions found ===  
2026-03-23 00:21:16 INFO  (HeadlessAnalyzer) REPORT: Save succeeded for processed file: /maincpu.bin  
